0 verbose cli /usr/bin/node /usr/bin/npm
1 info using npm@10.7.0
2 info using node@v18.20.4
3 silly config:load:file:/usr/lib/node_modules/npm/npmrc
4 silly config:load:file:/home/ubuntu/.npmrc
5 silly config:load:file:/usr/etc/npmrc
6 verbose title npm install
7 verbose argv "install"
8 verbose logfile logs-max:10 dir:/home/ubuntu/.npm/_logs/2024-07-21T12_36_55_593Z-
9 verbose logfile /home/ubuntu/.npm/_logs/2024-07-21T12_36_55_593Z-debug-0.log
10 silly logfile start cleaning logs, removing 1 files
11 silly logfile done cleaning log files
12 silly idealTree buildDeps
13 silly reify moves {}
14 verbose stack Error: Could not read package.json: Error: ENOENT: no such file or directory, open '/home/ubuntu/package.json'
15 verbose cwd /home/ubuntu
16 verbose Linux 6.8.0-1009-aws
17 verbose node v18.20.4
18 verbose npm  v10.7.0
19 error code ENOENT
20 error syscall open
21 error path /home/ubuntu/package.json
22 error errno -2
23 error enoent Could not read package.json: Error: ENOENT: no such file or directory, open '/home/ubuntu/package.json'
24 error enoent This is related to npm not being able to find a file.
24 error enoent
25 verbose exit -2
26 verbose code -2
27 error A complete log of this run can be found in: /home/ubuntu/.npm/_logs/2024-07-21T12_36_55_593Z-debug-0.log
