0 verbose cli /usr/bin/node /usr/bin/npm
1 info using npm@10.7.0
2 info using node@v20.15.1
3 silly config:load:file:/usr/lib/node_modules/npm/npmrc
4 silly config:load:file:/home/ubuntu/web-layer/.npmrc
5 silly config:load:file:/home/ubuntu/.npmrc
6 silly config:load:file:/usr/etc/npmrc
7 verbose title npm install
8 verbose argv "install"
9 verbose logfile logs-max:10 dir:/home/ubuntu/.npm/_logs/2024-07-21T12_30_55_575Z-
10 verbose logfile /home/ubuntu/.npm/_logs/2024-07-21T12_30_55_575Z-debug-0.log
11 silly logfile done cleaning log files
12 silly idealTree buildDeps
13 warn EBADENGINE Unsupported engine {
13 warn EBADENGINE   package: 'web-layer@0.0.0',
13 warn EBADENGINE   required: { node: '18.x' },
13 warn EBADENGINE   current: { node: 'v20.15.1', npm: '10.7.0' }
13 warn EBADENGINE }
14 silly reify moves {}
15 silly audit bulk request {
15 silly audit   '@ampproject/remapping': [ '2.3.0' ],
15 silly audit   '@angular-devkit/architect': [ '0.1801.1' ],
15 silly audit   '@angular-devkit/build-angular': [ '18.1.1' ],
15 silly audit   'istanbul-lib-instrument': [ '6.0.2', '5.2.1' ],
15 silly audit   semver: [ '7.6.2', '6.3.1', '5.7.2', '7.6.0' ],
15 silly audit   '@angular-devkit/build-webpack': [ '0.1801.1' ],
15 silly audit   '@angular-devkit/core': [ '18.1.1' ],
15 silly audit   'ajv-formats': [ '3.0.1', '2.1.1' ],
15 silly audit   '@angular-devkit/schematics': [ '18.1.1' ],
15 silly audit   '@angular/animations': [ '18.1.1' ],
15 silly audit   '@angular/build': [ '18.1.1' ],
15 silly audit   '@rollup/rollup-android-arm-eabi': [ '4.18.0', '4.18.1' ],
15 silly audit   '@rollup/rollup-android-arm64': [ '4.18.0', '4.18.1' ],
15 silly audit   '@rollup/rollup-darwin-arm64': [ '4.18.0', '4.18.1' ],
15 silly audit   '@rollup/rollup-darwin-x64': [ '4.18.0', '4.18.1' ],
15 silly audit   '@rollup/rollup-linux-arm-gnueabihf': [ '4.18.0', '4.18.1' ],
15 silly audit   '@rollup/rollup-linux-arm-musleabihf': [ '4.18.0', '4.18.1' ],
15 silly audit   '@rollup/rollup-linux-arm64-gnu': [ '4.18.0', '4.18.1' ],
15 silly audit   '@rollup/rollup-linux-arm64-musl': [ '4.18.0', '4.18.1' ],
15 silly audit   '@rollup/rollup-linux-powerpc64le-gnu': [ '4.18.0', '4.18.1' ],
15 silly audit   '@rollup/rollup-linux-riscv64-gnu': [ '4.18.0', '4.18.1' ],
15 silly audit   '@rollup/rollup-linux-s390x-gnu': [ '4.18.0', '4.18.1' ],
15 silly audit   '@rollup/rollup-linux-x64-gnu': [ '4.18.0', '4.18.1' ],
15 silly audit   '@rollup/rollup-linux-x64-musl': [ '4.18.0', '4.18.1' ],
15 silly audit   '@rollup/rollup-win32-arm64-msvc': [ '4.18.0', '4.18.1' ],
15 silly audit   '@rollup/rollup-win32-ia32-msvc': [ '4.18.0', '4.18.1' ],
15 silly audit   '@rollup/rollup-win32-x64-msvc': [ '4.18.0', '4.18.1' ],
15 silly audit   rollup: [ '4.18.0', '4.18.1' ],
15 silly audit   '@angular/cli': [ '18.1.1' ],
15 silly audit   '@angular/common': [ '18.1.1' ],
15 silly audit   '@angular/compiler': [ '18.1.1' ],
15 silly audit   '@angular/compiler-cli': [ '18.1.1' ],
15 silly audit   '@angular/core': [ '18.1.1' ],
15 silly audit   '@angular/forms': [ '18.1.1' ],
15 silly audit   '@angular/platform-browser': [ '18.1.1' ],
15 silly audit   '@angular/platform-browser-dynamic': [ '18.1.1' ],
15 silly audit   '@angular/platform-server': [ '18.1.1' ],
15 silly audit   '@angular/router': [ '18.1.1' ],
15 silly audit   '@auth0/angular-jwt': [ '5.2.0' ],
15 silly audit   '@babel/code-frame': [ '7.24.7' ],
15 silly audit   '@babel/compat-data': [ '7.24.9' ],
15 silly audit   '@babel/core': [ '7.24.7' ],
15 silly audit   'convert-source-map': [ '2.0.0', '1.9.0' ],
15 silly audit   '@babel/generator': [ '7.24.7', '7.24.10' ],
15 silly audit   '@babel/helper-annotate-as-pure': [ '7.24.7' ],
15 silly audit   '@babel/helper-builder-binary-assignment-operator-visitor': [ '7.24.7' ],
15 silly audit   '@babel/helper-compilation-targets': [ '7.24.8' ],
15 silly audit   '@babel/helper-create-class-features-plugin': [ '7.24.8' ],
15 silly audit   '@babel/helper-create-regexp-features-plugin': [ '7.24.7' ],
15 silly audit   '@babel/helper-define-polyfill-provider': [ '0.6.2' ],
15 silly audit   '@babel/helper-environment-visitor': [ '7.24.7' ],
15 silly audit   '@babel/helper-function-name': [ '7.24.7' ],
15 silly audit   '@babel/helper-hoist-variables': [ '7.24.7' ],
15 silly audit   '@babel/helper-member-expression-to-functions': [ '7.24.8' ],
15 silly audit   '@babel/helper-module-imports': [ '7.24.7' ],
15 silly audit   '@babel/helper-module-transforms': [ '7.24.9' ],
15 silly audit   '@babel/helper-optimise-call-expression': [ '7.24.7' ],
15 silly audit   '@babel/helper-plugin-utils': [ '7.24.8' ],
15 silly audit   '@babel/helper-remap-async-to-generator': [ '7.24.7' ],
15 silly audit   '@babel/helper-replace-supers': [ '7.24.7' ],
15 silly audit   '@babel/helper-simple-access': [ '7.24.7' ],
15 silly audit   '@babel/helper-skip-transparent-expression-wrappers': [ '7.24.7' ],
15 silly audit   '@babel/helper-split-export-declaration': [ '7.24.7' ],
15 silly audit   '@babel/helper-string-parser': [ '7.24.8' ],
15 silly audit   '@babel/helper-validator-identifier': [ '7.24.7' ],
15 silly audit   '@babel/helper-validator-option': [ '7.24.8' ],
15 silly audit   '@babel/helper-wrap-function': [ '7.24.7' ],
15 silly audit   '@babel/helpers': [ '7.24.7' ],
15 silly audit   '@babel/highlight': [ '7.24.7' ],
15 silly audit   '@babel/parser': [ '7.24.8' ],
15 silly audit   '@babel/plugin-bugfix-firefox-class-in-computed-class-key': [ '7.24.7' ],
15 silly audit   '@babel/plugin-bugfix-safari-id-destructuring-collision-in-function-expression': [ '7.24.7' ],
15 silly audit   '@babel/plugin-bugfix-v8-spread-parameters-in-optional-chaining': [ '7.24.7' ],
15 silly audit   '@babel/plugin-bugfix-v8-static-class-fields-redefine-readonly': [ '7.24.7' ],
15 silly audit   '@babel/plugin-proposal-private-property-in-object': [ '7.21.0-placeholder-for-preset-env.2' ],
15 silly audit   '@babel/plugin-syntax-async-generators': [ '7.8.4' ],
15 silly audit   '@babel/plugin-syntax-class-properties': [ '7.12.13' ],
15 silly audit   '@babel/plugin-syntax-class-static-block': [ '7.14.5' ],
15 silly audit   '@babel/plugin-syntax-dynamic-import': [ '7.8.3' ],
15 silly audit   '@babel/plugin-syntax-export-namespace-from': [ '7.8.3' ],
15 silly audit   '@babel/plugin-syntax-import-assertions': [ '7.24.7' ],
15 silly audit   '@babel/plugin-syntax-import-attributes': [ '7.24.7' ],
15 silly audit   '@babel/plugin-syntax-import-meta': [ '7.10.4' ],
15 silly audit   '@babel/plugin-syntax-json-strings': [ '7.8.3' ],
15 silly audit   '@babel/plugin-syntax-logical-assignment-operators': [ '7.10.4' ],
15 silly audit   '@babel/plugin-syntax-nullish-coalescing-operator': [ '7.8.3' ],
15 silly audit   '@babel/plugin-syntax-numeric-separator': [ '7.10.4' ],
15 silly audit   '@babel/plugin-syntax-object-rest-spread': [ '7.8.3' ],
15 silly audit   '@babel/plugin-syntax-optional-catch-binding': [ '7.8.3' ],
15 silly audit   '@babel/plugin-syntax-optional-chaining': [ '7.8.3' ],
15 silly audit   '@babel/plugin-syntax-private-property-in-object': [ '7.14.5' ],
15 silly audit   '@babel/plugin-syntax-top-level-await': [ '7.14.5' ],
15 silly audit   '@babel/plugin-syntax-unicode-sets-regex': [ '7.18.6' ],
15 silly audit   '@babel/plugin-transform-arrow-functions': [ '7.24.7' ],
15 silly audit   '@babel/plugin-transform-async-generator-functions': [ '7.24.7' ],
15 silly audit   '@babel/plugin-transform-async-to-generator': [ '7.24.7' ],
15 silly audit   '@babel/plugin-transform-block-scoped-functions': [ '7.24.7' ],
15 silly audit   '@babel/plugin-transform-block-scoping': [ '7.24.7' ],
15 silly audit   '@babel/plugin-transform-class-properties': [ '7.24.7' ],
15 silly audit   '@babel/plugin-transform-class-static-block': [ '7.24.7' ],
15 silly audit   '@babel/plugin-transform-classes': [ '7.24.8' ],
15 silly audit   '@babel/plugin-transform-computed-properties': [ '7.24.7' ],
15 silly audit   '@babel/plugin-transform-destructuring': [ '7.24.8' ],
15 silly audit   '@babel/plugin-transform-dotall-regex': [ '7.24.7' ],
15 silly audit   '@babel/plugin-transform-duplicate-keys': [ '7.24.7' ],
15 silly audit   '@babel/plugin-transform-dynamic-import': [ '7.24.7' ],
15 silly audit   '@babel/plugin-transform-exponentiation-operator': [ '7.24.7' ],
15 silly audit   '@babel/plugin-transform-export-namespace-from': [ '7.24.7' ],
15 silly audit   '@babel/plugin-transform-for-of': [ '7.24.7' ],
15 silly audit   '@babel/plugin-transform-function-name': [ '7.24.7' ],
15 silly audit   '@babel/plugin-transform-json-strings': [ '7.24.7' ],
15 silly audit   '@babel/plugin-transform-literals': [ '7.24.7' ],
15 silly audit   '@babel/plugin-transform-logical-assignment-operators': [ '7.24.7' ],
15 silly audit   '@babel/plugin-transform-member-expression-literals': [ '7.24.7' ],
15 silly audit   '@babel/plugin-transform-modules-amd': [ '7.24.7' ],
15 silly audit   '@babel/plugin-transform-modules-commonjs': [ '7.24.8' ],
15 silly audit   '@babel/plugin-transform-modules-systemjs': [ '7.24.7' ],
15 silly audit   '@babel/plugin-transform-modules-umd': [ '7.24.7' ],
15 silly audit   '@babel/plugin-transform-named-capturing-groups-regex': [ '7.24.7' ],
15 silly audit   '@babel/plugin-transform-new-target': [ '7.24.7' ],
15 silly audit   '@babel/plugin-transform-nullish-coalescing-operator': [ '7.24.7' ],
15 silly audit   '@babel/plugin-transform-numeric-separator': [ '7.24.7' ],
15 silly audit   '@babel/plugin-transform-object-rest-spread': [ '7.24.7' ],
15 silly audit   '@babel/plugin-transform-object-super': [ '7.24.7' ],
15 silly audit   '@babel/plugin-transform-optional-catch-binding': [ '7.24.7' ],
15 silly audit   '@babel/plugin-transform-optional-chaining': [ '7.24.8' ],
15 silly audit   '@babel/plugin-transform-parameters': [ '7.24.7' ],
15 silly audit   '@babel/plugin-transform-private-methods': [ '7.24.7' ],
15 silly audit   '@babel/plugin-transform-private-property-in-object': [ '7.24.7' ],
15 silly audit   '@babel/plugin-transform-property-literals': [ '7.24.7' ],
15 silly audit   '@babel/plugin-transform-regenerator': [ '7.24.7' ],
15 silly audit   '@babel/plugin-transform-reserved-words': [ '7.24.7' ],
15 silly audit   '@babel/plugin-transform-runtime': [ '7.24.7' ],
15 silly audit   '@babel/plugin-transform-shorthand-properties': [ '7.24.7' ],
15 silly audit   '@babel/plugin-transform-spread': [ '7.24.7' ],
15 silly audit   '@babel/plugin-transform-sticky-regex': [ '7.24.7' ],
15 silly audit   '@babel/plugin-transform-template-literals': [ '7.24.7' ],
15 silly audit   '@babel/plugin-transform-typeof-symbol': [ '7.24.8' ],
15 silly audit   '@babel/plugin-transform-unicode-escapes': [ '7.24.7' ],
15 silly audit   '@babel/plugin-transform-unicode-property-regex': [ '7.24.7' ],
15 silly audit   '@babel/plugin-transform-unicode-regex': [ '7.24.7' ],
15 silly audit   '@babel/plugin-transform-unicode-sets-regex': [ '7.24.7' ],
15 silly audit   '@babel/preset-env': [ '7.24.7' ],
15 silly audit   '@babel/preset-modules': [ '0.1.6-no-external-plugins' ],
15 silly audit   '@babel/regjsgen': [ '0.8.0' ],
15 silly audit   '@babel/runtime': [ '7.24.7' ],
15 silly audit   '@babel/template': [ '7.24.7' ],
15 silly audit   '@babel/traverse': [ '7.24.8' ],
15 silly audit   '@babel/types': [ '7.24.9' ],
15 silly audit   '@colors/colors': [ '1.5.0' ],
15 silly audit   '@discoveryjs/json-ext': [ '0.5.7' ],
15 silly audit   '@esbuild/aix-ppc64': [ '0.21.5' ],
15 silly audit   '@esbuild/android-arm': [ '0.21.5' ],
15 silly audit   '@esbuild/android-arm64': [ '0.21.5' ],
15 silly audit   '@esbuild/android-x64': [ '0.21.5' ],
15 silly audit   '@esbuild/darwin-arm64': [ '0.21.5' ],
15 silly audit   '@esbuild/darwin-x64': [ '0.21.5' ],
15 silly audit   '@esbuild/freebsd-arm64': [ '0.21.5' ],
15 silly audit   '@esbuild/freebsd-x64': [ '0.21.5' ],
15 silly audit   '@esbuild/linux-arm': [ '0.21.5' ],
15 silly audit   '@esbuild/linux-arm64': [ '0.21.5' ],
15 silly audit   '@esbuild/linux-ia32': [ '0.21.5' ],
15 silly audit   '@esbuild/linux-loong64': [ '0.21.5' ],
15 silly audit   '@esbuild/linux-mips64el': [ '0.21.5' ],
15 silly audit   '@esbuild/linux-ppc64': [ '0.21.5' ],
15 silly audit   '@esbuild/linux-riscv64': [ '0.21.5' ],
15 silly audit   '@esbuild/linux-s390x': [ '0.21.5' ],
15 silly audit   '@esbuild/linux-x64': [ '0.21.5' ],
15 silly audit   '@esbuild/netbsd-x64': [ '0.21.5' ],
15 silly audit   '@esbuild/openbsd-x64': [ '0.21.5' ],
15 silly audit   '@esbuild/sunos-x64': [ '0.21.5' ],
15 silly audit   '@esbuild/win32-arm64': [ '0.21.5' ],
15 silly audit   '@esbuild/win32-ia32': [ '0.21.5' ],
15 silly audit   '@esbuild/win32-x64': [ '0.21.5' ],
15 silly audit   '@inquirer/checkbox': [ '2.4.1' ],
15 silly audit   '@inquirer/core': [ '9.0.4', '8.2.4' ],
15 silly audit   'signal-exit': [ '4.1.0', '3.0.7' ],
15 silly audit   '@inquirer/confirm': [ '3.1.11' ],
15 silly audit   '@inquirer/editor': [ '2.1.16' ],
15 silly audit   '@inquirer/expand': [ '2.1.16' ],
15 silly audit   '@inquirer/figures': [ '1.0.4' ],
15 silly audit   '@inquirer/input': [ '2.2.3' ],
15 silly audit   '@inquirer/password': [ '2.1.16' ],
15 silly audit   '@inquirer/prompts': [ '5.0.7' ],
15 silly audit   '@inquirer/rawlist': [ '2.1.16' ],
15 silly audit   '@inquirer/select': [ '2.4.1' ],
15 silly audit   '@inquirer/type': [ '1.5.0' ],
15 silly audit   '@isaacs/cliui': [ '8.0.2' ],
15 silly audit   'ansi-regex': [ '6.0.1', '5.0.1' ],
15 silly audit   'ansi-styles': [ '6.2.1', '3.2.1', '4.3.0' ],
15 silly audit   'emoji-regex': [ '9.2.2', '10.3.0', '8.0.0' ],
15 silly audit   'string-width': [ '5.1.2', '7.2.0', '4.2.3' ],
15 silly audit   'strip-ansi': [ '7.1.0', '6.0.1' ],
15 silly audit   'wrap-ansi': [ '8.1.0', '7.0.0', '9.0.0', '6.2.0' ],
15 silly audit   '@istanbuljs/schema': [ '0.1.3' ],
15 silly audit   '@jridgewell/gen-mapping': [ '0.3.5' ],
15 silly audit   '@jridgewell/resolve-uri': [ '3.1.2' ],
15 silly audit   '@jridgewell/set-array': [ '1.2.1' ],
15 silly audit   '@jridgewell/source-map': [ '0.3.6' ],
15 silly audit   '@jridgewell/sourcemap-codec': [ '1.5.0' ],
15 silly audit   '@jridgewell/trace-mapping': [ '0.3.25' ],
15 silly audit   '@jsonjoy.com/base64': [ '1.1.2' ],
15 silly audit   '@jsonjoy.com/json-pack': [ '1.0.4' ],
15 silly audit   '@jsonjoy.com/util': [ '1.2.0' ],
15 silly audit   '@leichtgewicht/ip-codec': [ '2.0.5' ],
15 silly audit   '@listr2/prompt-adapter-inquirer': [ '2.0.13' ],
15 silly audit   '@lmdb/lmdb-darwin-arm64': [ '3.0.12' ],
15 silly audit   '@lmdb/lmdb-darwin-x64': [ '3.0.12' ],
15 silly audit   '@lmdb/lmdb-linux-arm': [ '3.0.12' ],
15 silly audit   '@lmdb/lmdb-linux-arm64': [ '3.0.12' ],
15 silly audit   '@lmdb/lmdb-linux-x64': [ '3.0.12' ],
15 silly audit   '@lmdb/lmdb-win32-x64': [ '3.0.12' ],
15 silly audit   '@msgpackr-extract/msgpackr-extract-darwin-arm64': [ '3.0.3' ],
15 silly audit   '@msgpackr-extract/msgpackr-extract-darwin-x64': [ '3.0.3' ],
15 silly audit   '@msgpackr-extract/msgpackr-extract-linux-arm': [ '3.0.3' ],
15 silly audit   '@msgpackr-extract/msgpackr-extract-linux-arm64': [ '3.0.3' ],
15 silly audit   '@msgpackr-extract/msgpackr-extract-linux-x64': [ '3.0.3' ],
15 silly audit   '@msgpackr-extract/msgpackr-extract-win32-x64': [ '3.0.3' ],
15 silly audit   '@ngtools/webpack': [ '18.1.1' ],
15 silly audit   '@nguniversal/express-engine': [ '7.0.1' ],
15 silly audit   '@nodelib/fs.scandir': [ '2.1.5' ],
15 silly audit   '@nodelib/fs.stat': [ '2.0.5' ],
15 silly audit   '@nodelib/fs.walk': [ '1.2.8' ],
15 silly audit   '@npmcli/agent': [ '2.2.2' ],
15 silly audit   'lru-cache': [ '10.4.3', '5.1.1', '6.0.0' ],
15 silly audit   '@npmcli/fs': [ '3.1.1' ],
15 silly audit   '@npmcli/git': [ '5.0.8' ],
15 silly audit   isexe: [ '3.1.1', '2.0.0' ],
15 silly audit   which: [ '4.0.0', '2.0.2', '1.3.1' ],
15 silly audit   '@npmcli/installed-package-contents': [ '2.1.0' ],
15 silly audit   '@npmcli/node-gyp': [ '3.0.0' ],
15 silly audit   '@npmcli/package-json': [ '5.2.0' ],
15 silly audit   'brace-expansion': [ '2.0.1', '1.1.11' ],
15 silly audit   glob: [ '10.4.5', '7.2.3' ],
15 silly audit   minimatch: [ '9.0.5', '3.1.2' ],
15 silly audit   '@npmcli/promise-spawn': [ '7.0.2' ],
15 silly audit   '@npmcli/redact': [ '2.0.1' ],
15 silly audit   '@npmcli/run-script': [ '8.1.0' ],
15 silly audit   '@pkgjs/parseargs': [ '0.11.0' ],
15 silly audit   '@popperjs/core': [ '2.11.8' ],
15 silly audit   '@schematics/angular': [ '18.1.1' ],
15 silly audit   '@sigstore/bundle': [ '2.3.2' ],
15 silly audit   '@sigstore/core': [ '1.1.0' ],
15 silly audit   '@sigstore/protobuf-specs': [ '0.3.2' ],
15 silly audit   '@sigstore/sign': [ '2.3.2' ],
15 silly audit   '@sigstore/tuf': [ '2.3.4' ],
15 silly audit   '@sigstore/verify': [ '1.2.1' ],
15 silly audit   '@sindresorhus/merge-streams': [ '2.3.0' ],
15 silly audit   '@socket.io/component-emitter': [ '3.1.2' ],
15 silly audit   '@tufjs/canonical-json': [ '2.0.0' ],
15 silly audit   '@tufjs/models': [ '2.0.1' ],
15 silly audit   '@types/body-parser': [ '1.19.5' ],
15 silly audit   '@types/bonjour': [ '3.5.13' ],
15 silly audit   '@types/connect': [ '3.4.38' ],
15 silly audit   '@types/connect-history-api-fallback': [ '1.5.4' ],
15 silly audit   '@types/cookie': [ '0.4.1' ],
15 silly audit   '@types/cors': [ '2.8.17' ],
15 silly audit   '@types/eslint': [ '8.56.10' ],
15 silly audit   '@types/eslint-scope': [ '3.7.7' ],
15 silly audit   '@types/estree': [ '1.0.5' ],
15 silly audit   '@types/express': [ '4.17.21' ],
15 silly audit   '@types/express-serve-static-core': [ '4.19.5' ],
15 silly audit   '@types/http-errors': [ '2.0.4' ],
15 silly audit   '@types/http-proxy': [ '1.17.14' ],
15 silly audit   '@types/jasmine': [ '5.1.4' ],
15 silly audit   '@types/json-schema': [ '7.0.15' ],
15 silly audit   '@types/mime': [ '1.3.5' ],
15 silly audit   '@types/mute-stream': [ '0.0.4' ],
15 silly audit   '@types/node': [ '20.14.11' ],
15 silly audit   '@types/node-forge': [ '1.3.11' ],
15 silly audit   '@types/qs': [ '6.9.15' ],
15 silly audit   '@types/range-parser': [ '1.2.7' ],
15 silly audit   '@types/retry': [ '0.12.2' ],
15 silly audit   '@types/send': [ '0.17.4' ],
15 silly audit   '@types/serve-index': [ '1.9.4' ],
15 silly audit   '@types/serve-static': [ '1.15.7' ],
15 silly audit   '@types/sockjs': [ '0.3.36' ],
15 silly audit   '@types/wrap-ansi': [ '3.0.0' ],
15 silly audit   '@types/ws': [ '8.5.11' ],
15 silly audit   '@vitejs/plugin-basic-ssl': [ '1.1.0' ],
15 silly audit   '@webassemblyjs/ast': [ '1.12.1' ],
15 silly audit   '@webassemblyjs/floating-point-hex-parser': [ '1.11.6' ],
15 silly audit   '@webassemblyjs/helper-api-error': [ '1.11.6' ],
15 silly audit   '@webassemblyjs/helper-buffer': [ '1.12.1' ],
15 silly audit   '@webassemblyjs/helper-numbers': [ '1.11.6' ],
15 silly audit   '@webassemblyjs/helper-wasm-bytecode': [ '1.11.6' ],
15 silly audit   '@webassemblyjs/helper-wasm-section': [ '1.12.1' ],
15 silly audit   '@webassemblyjs/ieee754': [ '1.11.6' ],
15 silly audit   '@webassemblyjs/leb128': [ '1.11.6' ],
15 silly audit   '@webassemblyjs/utf8': [ '1.11.6' ],
15 silly audit   '@webassemblyjs/wasm-edit': [ '1.12.1' ],
15 silly audit   '@webassemblyjs/wasm-gen': [ '1.12.1' ],
15 silly audit   '@webassemblyjs/wasm-opt': [ '1.12.1' ],
15 silly audit   '@webassemblyjs/wasm-parser': [ '1.12.1' ],
15 silly audit   '@webassemblyjs/wast-printer': [ '1.12.1' ],
15 silly audit   '@xtuc/ieee754': [ '1.2.0' ],
15 silly audit   '@xtuc/long': [ '4.2.2' ],
15 silly audit   '@yarnpkg/lockfile': [ '1.1.0' ],
15 silly audit   abbrev: [ '2.0.0' ],
15 silly audit   accepts: [ '1.3.8' ],
15 silly audit   acorn: [ '8.12.1' ],
15 silly audit   'acorn-import-attributes': [ '1.9.5' ],
15 silly audit   'adjust-sourcemap-loader': [ '4.0.0' ],
15 silly audit   'loader-utils': [ '2.0.4', '3.3.1' ],
15 silly audit   'agent-base': [ '7.1.1' ],
15 silly audit   'aggregate-error': [ '3.1.0' ],
15 silly audit   ajv: [ '8.16.0', '6.12.6' ],
15 silly audit   'ajv-keywords': [ '5.1.0', '3.5.2' ],
15 silly audit   'ansi-colors': [ '4.1.3' ],
15 silly audit   'ansi-escapes': [ '4.3.2', '6.2.1' ],
15 silly audit   'ansi-html-community': [ '0.0.8' ],
15 silly audit   anymatch: [ '3.1.3' ],
15 silly audit   picomatch: [ '2.3.1', '4.0.2' ],
15 silly audit   'array-flatten': [ '1.1.1' ],
15 silly audit   autoprefixer: [ '10.4.19' ],
15 silly audit   'babel-loader': [ '9.1.3' ],
15 silly audit   'babel-plugin-polyfill-corejs2': [ '0.4.11' ],
15 silly audit   'babel-plugin-polyfill-corejs3': [ '0.10.4' ],
15 silly audit   'babel-plugin-polyfill-regenerator': [ '0.6.2' ],
15 silly audit   'balanced-match': [ '1.0.2' ],
15 silly audit   'base64-js': [ '1.5.1' ],
15 silly audit   base64id: [ '2.0.0' ],
15 silly audit   batch: [ '0.6.1' ],
15 silly audit   'big.js': [ '5.2.2' ],
15 silly audit   'binary-extensions': [ '2.3.0' ],
15 silly audit   bl: [ '4.1.0' ],
15 silly audit   'body-parser': [ '1.20.2' ],
15 silly audit   debug: [ '2.6.9', '4.3.5' ],
15 silly audit   ms: [ '2.0.0', '2.1.2', '2.1.3' ],
15 silly audit   'bonjour-service': [ '1.2.1' ],
15 silly audit   boolbase: [ '1.0.0' ],
15 silly audit   bootstrap: [ '5.3.3' ],
15 silly audit   braces: [ '3.0.3' ],
15 silly audit   browserslist: [ '4.23.2' ],
15 silly audit   buffer: [ '5.7.1' ],
15 silly audit   'buffer-from': [ '1.1.2' ],
15 silly audit   'bundle-name': [ '4.1.0' ],
15 silly audit   bytes: [ '3.1.2', '3.0.0' ],
15 silly audit   cacache: [ '18.0.4' ],
15 silly audit   'call-bind': [ '1.0.7' ],
15 silly audit   callsites: [ '3.1.0' ],
15 silly audit   'caniuse-lite': [ '1.0.30001641' ],
15 silly audit   chalk: [ '2.4.2', '4.1.2' ],
15 silly audit   chardet: [ '0.7.0' ],
15 silly audit   chokidar: [ '3.6.0' ],
15 silly audit   chownr: [ '2.0.0' ],
15 silly audit   'chrome-trace-event': [ '1.0.4' ],
15 silly audit   'clean-stack': [ '2.2.0' ],
15 silly audit   'cli-cursor': [ '3.1.0', '4.0.0' ],
15 silly audit   'cli-spinners': [ '2.9.2' ],
15 silly audit   'cli-truncate': [ '4.0.0' ],
15 silly audit   'cli-width': [ '4.1.0' ],
15 silly audit   cliui: [ '8.0.1', '7.0.4' ],
15 silly audit   'color-convert': [ '2.0.1', '1.9.3' ],
15 silly audit   'color-name': [ '1.1.4', '1.1.3' ],
15 silly audit   clone: [ '1.0.4' ],
15 silly audit   'clone-deep': [ '4.0.1' ],
15 silly audit   colorette: [ '2.0.20' ],
15 silly audit   commander: [ '2.20.3' ],
15 silly audit   'common-path-prefix': [ '3.0.0' ],
15 silly audit   compressible: [ '2.0.18' ],
15 silly audit   compression: [ '1.7.4' ],
15 silly audit   'safe-buffer': [ '5.1.2', '5.2.1' ],
15 silly audit   'concat-map': [ '0.0.1' ],
15 silly audit   connect: [ '3.7.0' ],
15 silly audit   'connect-history-api-fallback': [ '2.0.0' ],
15 silly audit   'content-disposition': [ '0.5.4' ],
15 silly audit   'content-type': [ '1.0.5' ],
15 silly audit   cookie: [ '0.4.2', '0.6.0' ],
15 silly audit   'cookie-signature': [ '1.0.6' ],
15 silly audit   'copy-anything': [ '2.0.6' ],
15 silly audit   'copy-webpack-plugin': [ '12.0.2' ],
15 silly audit   'glob-parent': [ '6.0.2', '5.1.2' ],
15 silly audit   'core-js-compat': [ '3.37.1' ],
15 silly audit   'core-util-is': [ '1.0.3' ],
15 silly audit   cors: [ '2.8.5' ],
15 silly audit   cosmiconfig: [ '9.0.0' ],
15 silly audit   argparse: [ '2.0.1' ],
15 silly audit   'js-yaml': [ '4.1.0' ],
15 silly audit   critters: [ '0.0.24' ],
15 silly audit   'has-flag': [ '4.0.0', '3.0.0' ],
15 silly audit   'supports-color': [ '7.2.0', '8.1.1', '5.5.0' ],
15 silly audit   'cross-spawn': [ '7.0.3' ],
15 silly audit   'css-loader': [ '7.1.2' ],
15 silly audit   'css-select': [ '5.1.0' ],
15 silly audit   'css-what': [ '6.1.0' ],
15 silly audit   cssesc: [ '3.0.0' ],
15 silly audit   'custom-event': [ '1.0.1' ],
15 silly audit   'date-format': [ '4.0.14' ],
15 silly audit   'default-browser': [ '5.2.1' ],
15 silly audit   'default-browser-id': [ '5.0.0' ],
15 silly audit   'default-gateway': [ '6.0.3' ],
15 silly audit   defaults: [ '1.0.4' ],
15 silly audit   'define-data-property': [ '1.1.4' ],
15 silly audit   'define-lazy-prop': [ '3.0.0' ],
15 silly audit   depd: [ '2.0.0', '1.1.2' ],
15 silly audit   destroy: [ '1.2.0' ],
15 silly audit   'detect-libc': [ '2.0.3' ],
15 silly audit   'detect-node': [ '2.1.0' ],
15 silly audit   di: [ '0.0.1' ],
15 silly audit   'dns-packet': [ '5.6.1' ],
15 silly audit   'dom-serialize': [ '2.2.1' ],
15 silly audit   'dom-serializer': [ '2.0.0' ],
15 silly audit   domelementtype: [ '2.3.0' ],
15 silly audit   domhandler: [ '5.0.3' ],
15 silly audit   domutils: [ '3.1.0' ],
15 silly audit   eastasianwidth: [ '0.2.0' ],
15 silly audit   'ee-first': [ '1.1.1' ],
15 silly audit   'electron-to-chromium': [ '1.4.823' ],
15 silly audit   'emojis-list': [ '3.0.0' ],
15 silly audit   encodeurl: [ '1.0.2' ],
15 silly audit   encoding: [ '0.1.13' ],
15 silly audit   'iconv-lite': [ '0.6.3', '0.4.24' ],
15 silly audit   'engine.io': [ '6.5.5' ],
15 silly audit   'engine.io-parser': [ '5.2.2' ],
15 silly audit   'enhanced-resolve': [ '5.17.0' ],
15 silly audit   ent: [ '2.2.1' ],
15 silly audit   entities: [ '4.5.0' ],
15 silly audit   'env-paths': [ '2.2.1' ],
15 silly audit   'err-code': [ '2.0.3' ],
15 silly audit   errno: [ '0.1.8' ],
15 silly audit   'error-ex': [ '1.3.2' ],
15 silly audit   'es-define-property': [ '1.0.0' ],
15 silly audit   'es-errors': [ '1.3.0' ],
15 silly audit   'es-module-lexer': [ '1.5.4' ],
15 silly audit   esbuild: [ '0.21.5' ],
15 silly audit   'esbuild-wasm': [ '0.21.5' ],
15 silly audit   escalade: [ '3.1.2' ],
15 silly audit   'escape-html': [ '1.0.3' ],
15 silly audit   'escape-string-regexp': [ '1.0.5' ],
15 silly audit   'eslint-scope': [ '5.1.1' ],
15 silly audit   esrecurse: [ '4.3.0' ],
15 silly audit   estraverse: [ '5.3.0', '4.3.0' ],
15 silly audit   esutils: [ '2.0.3' ],
15 silly audit   etag: [ '1.8.1' ],
15 silly audit   eventemitter3: [ '4.0.7', '5.0.1' ],
15 silly audit   events: [ '3.3.0' ],
15 silly audit   execa: [ '5.1.1' ],
15 silly audit   'exponential-backoff': [ '3.1.1' ],
15 silly audit   express: [ '4.19.2' ],
15 silly audit   finalhandler: [ '1.2.0', '1.1.2' ],
15 silly audit   statuses: [ '2.0.1', '1.5.0' ],
15 silly audit   extend: [ '3.0.2' ],
15 silly audit   'external-editor': [ '3.1.0' ],
15 silly audit   'fast-deep-equal': [ '3.1.3' ],
15 silly audit   'fast-glob': [ '3.3.2' ],
15 silly audit   'fast-json-stable-stringify': [ '2.1.0' ],
15 silly audit   fastq: [ '1.17.1' ],
15 silly audit   'faye-websocket': [ '0.11.4' ],
15 silly audit   'fill-range': [ '7.1.1' ],
15 silly audit   'on-finished': [ '2.3.0', '2.4.1' ],
15 silly audit   'find-cache-dir': [ '4.0.0' ],
15 silly audit   flat: [ '5.0.2' ],
15 silly audit   flatted: [ '3.3.1' ],
15 silly audit   'follow-redirects': [ '1.15.6' ],
15 silly audit   'foreground-child': [ '3.2.1' ],
15 silly audit   forwarded: [ '0.2.0' ],
15 silly audit   'fraction.js': [ '4.3.7' ],
15 silly audit   fresh: [ '0.5.2' ],
15 silly audit   'fs-extra': [ '8.1.0' ],
15 silly audit   'fs-minipass': [ '3.0.3', '2.1.0' ],
15 silly audit   'fs.realpath': [ '1.0.0' ],
15 silly audit   fsevents: [ '2.3.3' ],
15 silly audit   'function-bind': [ '1.1.2' ],
15 silly audit   gensync: [ '1.0.0-beta.2' ],
15 silly audit   'get-caller-file': [ '2.0.5' ],
15 silly audit   'get-east-asian-width': [ '1.2.0' ],
15 silly audit   'get-intrinsic': [ '1.2.4' ],
15 silly audit   'get-stream': [ '6.0.1' ],
15 silly audit   'glob-to-regexp': [ '0.4.1' ],
15 silly audit   globals: [ '11.12.0' ],
15 silly audit   globby: [ '14.0.2' ],
15 silly audit   gopd: [ '1.0.1' ],
15 silly audit   'graceful-fs': [ '4.2.11' ],
15 silly audit   'handle-thing': [ '2.0.1' ],
15 silly audit   'has-property-descriptors': [ '1.0.2' ],
15 silly audit   'has-proto': [ '1.0.3' ],
15 silly audit   'has-symbols': [ '1.0.3' ],
15 silly audit   hasown: [ '2.0.2' ],
15 silly audit   'hosted-git-info': [ '7.0.2' ],
15 silly audit   'hpack.js': [ '2.1.6' ],
15 silly audit   'readable-stream': [ '2.3.8', '3.6.2' ],
15 silly audit   string_decoder: [ '1.1.1', '1.3.0' ],
15 silly audit   'html-entities': [ '2.5.2' ],
15 silly audit   'html-escaper': [ '2.0.2' ],
15 silly audit   htmlparser2: [ '8.0.2' ],
15 silly audit   'http-cache-semantics': [ '4.1.1' ],
15 silly audit   'http-deceiver': [ '1.2.7' ],
15 silly audit   'http-errors': [ '2.0.0', '1.6.3' ],
15 silly audit   'http-parser-js': [ '0.5.8' ],
15 silly audit   'http-proxy': [ '1.18.1' ],
15 silly audit   'http-proxy-agent': [ '7.0.2' ],
15 silly audit   'http-proxy-middleware': [ '3.0.0', '2.0.6' ],
15 silly audit   'https-proxy-agent': [ '7.0.5' ],
15 silly audit   'human-signals': [ '2.1.0' ],
15 silly audit   hyperdyperid: [ '1.2.0' ],
15 silly audit   'icss-utils': [ '5.1.0' ],
15 silly audit   ieee754: [ '1.2.1' ],
15 silly audit   ignore: [ '5.3.1' ],
15 silly audit   'ignore-walk': [ '6.0.5' ],
15 silly audit   'image-size': [ '0.5.5' ],
15 silly audit   immutable: [ '4.3.6' ],
15 silly audit   'import-fresh': [ '3.3.0' ],
15 silly audit   'resolve-from': [ '4.0.0' ],
15 silly audit   imurmurhash: [ '0.1.4' ],
15 silly audit   'indent-string': [ '4.0.0' ],
15 silly audit   inflight: [ '1.0.6' ],
15 silly audit   inherits: [ '2.0.4', '2.0.3' ],
15 silly audit   ini: [ '4.1.3' ],
15 silly audit   'ip-address': [ '9.0.5' ],
15 silly audit   'ipaddr.js': [ '2.2.0', '1.9.1' ],
15 silly audit   'is-arrayish': [ '0.2.1' ],
15 silly audit   'is-binary-path': [ '2.1.0' ],
15 silly audit   'is-core-module': [ '2.14.0' ],
15 silly audit   'is-docker': [ '3.0.0' ],
15 silly audit   'is-extglob': [ '2.1.1' ],
15 silly audit   'is-fullwidth-code-point': [ '3.0.0', '5.0.0', '4.0.0' ],
15 silly audit   'is-glob': [ '4.0.3' ],
15 silly audit   'is-inside-container': [ '1.0.0' ],
15 silly audit   'is-interactive': [ '1.0.0' ],
15 silly audit   'is-lambda': [ '1.0.1' ],
15 silly audit   'is-network-error': [ '1.1.0' ],
15 silly audit   'is-number': [ '7.0.0' ],
15 silly audit   'is-plain-obj': [ '3.0.0' ],
15 silly audit   'is-plain-object': [ '2.0.4' ],
15 silly audit   'is-stream': [ '2.0.1' ],
15 silly audit   'is-unicode-supported': [ '0.1.0' ],
15 silly audit   'is-what': [ '3.14.1' ],
15 silly audit   'is-wsl': [ '3.1.0' ],
15 silly audit   isarray: [ '1.0.0' ],
15 silly audit   isbinaryfile: [ '4.0.10' ],
15 silly audit   isobject: [ '3.0.1' ],
15 silly audit   'istanbul-lib-coverage': [ '3.2.2' ],
15 silly audit   'istanbul-lib-report': [ '3.0.1' ],
15 silly audit   'istanbul-lib-source-maps': [ '4.0.1' ],
15 silly audit   'source-map': [ '0.6.1', '0.7.4' ],
15 silly audit   'istanbul-reports': [ '3.1.7' ],
15 silly audit   jackspeak: [ '3.4.3' ],
15 silly audit   'jasmine-core': [ '5.1.2', '4.6.1' ],
15 silly audit   'jest-worker': [ '27.5.1' ],
15 silly audit   jiti: [ '1.21.6' ],
15 silly audit   'js-tokens': [ '4.0.0' ],
15 silly audit   jsbn: [ '1.1.0' ],
15 silly audit   jsesc: [ '2.5.2', '0.5.0' ],
15 silly audit   'json-parse-even-better-errors': [ '3.0.2', '2.3.1' ],
15 silly audit   'json-schema-traverse': [ '1.0.0', '0.4.1' ],
15 silly audit   json5: [ '2.2.3' ],
15 silly audit   'jsonc-parser': [ '3.3.1' ],
15 silly audit   jsonfile: [ '4.0.0' ],
15 silly audit   jsonparse: [ '1.3.1' ],
15 silly audit   karma: [ '6.4.3' ],
15 silly audit   'karma-chrome-launcher': [ '3.2.0' ],
15 silly audit   'karma-coverage': [ '2.2.1' ],
15 silly audit   'karma-jasmine': [ '5.1.0' ],
15 silly audit   'karma-jasmine-html-reporter': [ '2.1.0' ],
15 silly audit   'karma-source-map-support': [ '1.4.0' ],
15 silly audit   tmp: [ '0.2.3', '0.0.33' ],
15 silly audit   yargs: [ '16.2.0', '17.7.2' ],
15 silly audit   'yargs-parser': [ '20.2.9', '21.1.1' ],
15 silly audit   'kind-of': [ '6.0.3' ],
15 silly audit   'launch-editor': [ '2.8.0' ],
15 silly audit   less: [ '4.2.0' ],
15 silly audit   'less-loader': [ '12.2.0' ],
15 silly audit   'make-dir': [ '2.1.0', '4.0.0' ],
15 silly audit   mime: [ '1.6.0', '2.6.0' ],
15 silly audit   'license-webpack-plugin': [ '4.0.2' ],
15 silly audit   'lines-and-columns': [ '1.2.4' ],
15 silly audit   listr2: [ '8.2.3' ],
15 silly audit   lmdb: [ '3.0.12' ],
15 silly audit   'loader-runner': [ '4.3.0' ],
15 silly audit   lodash: [ '4.17.21' ],
15 silly audit   'lodash.debounce': [ '4.0.8' ],
15 silly audit   'log-symbols': [ '4.1.0' ],
15 silly audit   'log-update': [ '6.0.0' ],
15 silly audit   'restore-cursor': [ '4.0.0', '3.1.0' ],
15 silly audit   'slice-ansi': [ '7.1.0', '5.0.0' ],
15 silly audit   log4js: [ '6.9.1' ],
15 silly audit   'magic-string': [ '0.30.10' ],
15 silly audit   'make-fetch-happen': [ '13.0.1' ],
15 silly audit   'media-typer': [ '0.3.0' ],
15 silly audit   memfs: [ '4.9.3' ],
15 silly audit   'merge-descriptors': [ '1.0.1' ],
15 silly audit   'merge-stream': [ '2.0.0' ],
15 silly audit   merge2: [ '1.4.1' ],
15 silly audit   methods: [ '1.1.2' ],
15 silly audit   micromatch: [ '4.0.7' ],
15 silly audit   'mime-db': [ '1.52.0' ],
15 silly audit   'mime-types': [ '2.1.35' ],
15 silly audit   'mimic-fn': [ '2.1.0' ],
15 silly audit   'mini-css-extract-plugin': [ '2.9.0' ],
15 silly audit   'minimalistic-assert': [ '1.0.1' ],
15 silly audit   minimist: [ '1.2.8' ],
15 silly audit   minipass: [ '7.1.2', '3.3.6', '5.0.0' ],
15 silly audit   'minipass-collect': [ '2.0.1' ],
15 silly audit   'minipass-fetch': [ '3.0.5' ],
15 silly audit   'minipass-flush': [ '1.0.5' ],
15 silly audit   yallist: [ '4.0.0', '3.1.1' ],
15 silly audit   'minipass-pipeline': [ '1.2.4' ],
15 silly audit   'minipass-sized': [ '1.0.3' ],
15 silly audit   minizlib: [ '2.1.2' ],
15 silly audit   mkdirp: [ '0.5.6', '1.0.4' ],
15 silly audit   mrmime: [ '2.0.0' ],
15 silly audit   msgpackr: [ '1.11.0' ],
15 silly audit   'msgpackr-extract': [ '3.0.3' ],
15 silly audit   'multicast-dns': [ '7.2.5' ],
15 silly audit   'mute-stream': [ '1.0.0' ],
15 silly audit   nanoid: [ '3.3.7' ],
15 silly audit   needle: [ '3.3.1' ],
15 silly audit   negotiator: [ '0.6.3' ],
15 silly audit   'neo-async': [ '2.6.2' ],
15 silly audit   'nice-napi': [ '1.0.2' ],
15 silly audit   'node-addon-api': [ '3.2.1', '6.1.0' ],
15 silly audit   'node-forge': [ '1.3.1' ],
15 silly audit   'node-gyp': [ '10.2.0' ],
15 silly audit   'node-gyp-build': [ '4.8.1' ],
15 silly audit   'node-gyp-build-optional-packages': [ '5.2.2' ],
15 silly audit   'node-releases': [ '2.0.14' ],
15 silly audit   nopt: [ '7.2.1' ],
15 silly audit   'normalize-package-data': [ '6.0.2' ],
15 silly audit   'normalize-path': [ '3.0.0' ],
15 silly audit   'normalize-range': [ '0.1.2' ],
15 silly audit   'npm-bundled': [ '3.0.1' ],
15 silly audit   'npm-install-checks': [ '6.3.0' ],
15 silly audit   'npm-normalize-package-bin': [ '3.0.1' ],
15 silly audit   'npm-package-arg': [ '11.0.2' ],
15 silly audit   'npm-packlist': [ '8.0.2' ],
15 silly audit   'npm-pick-manifest': [ '9.0.1' ],
15 silly audit   'npm-registry-fetch': [ '17.1.0' ],
15 silly audit   'npm-run-path': [ '4.0.1' ],
15 silly audit   'nth-check': [ '2.1.1' ],
15 silly audit   'object-assign': [ '4.1.1' ],
15 silly audit   'object-inspect': [ '1.13.2' ],
15 silly audit   obuf: [ '1.1.2' ],
15 silly audit   'on-headers': [ '1.0.2' ],
15 silly audit   once: [ '1.4.0' ],
15 silly audit   onetime: [ '5.1.2' ],
15 silly audit   open: [ '10.1.0' ],
15 silly audit   ora: [ '5.4.1' ],
15 silly audit   'ordered-binary': [ '1.5.1' ],
15 silly audit   'os-tmpdir': [ '1.0.2' ],
15 silly audit   'p-map': [ '4.0.0' ],
15 silly audit   'p-retry': [ '6.2.0' ],
15 silly audit   retry: [ '0.13.1', '0.12.0' ],
15 silly audit   'package-json-from-dist': [ '1.0.0' ],
15 silly audit   pacote: [ '18.0.6' ],
15 silly audit   'parent-module': [ '1.0.1' ],
15 silly audit   'parse-json': [ '5.2.0' ],
15 silly audit   'parse-node-version': [ '1.0.1' ],
15 silly audit   parse5: [ '7.1.2' ],
15 silly audit   'parse5-html-rewriting-stream': [ '7.0.0' ],
15 silly audit   'parse5-sax-parser': [ '7.0.0' ],
15 silly audit   parseurl: [ '1.3.3' ],
15 silly audit   'path-is-absolute': [ '1.0.1' ],
15 silly audit   'path-key': [ '3.1.1' ],
15 silly audit   'path-parse': [ '1.0.7' ],
15 silly audit   'path-scurry': [ '1.11.1' ],
15 silly audit   'path-to-regexp': [ '0.1.7' ],
15 silly audit   'path-type': [ '5.0.0' ],
15 silly audit   picocolors: [ '1.0.1' ],
15 silly audit   pify: [ '4.0.1' ],
15 silly audit   piscina: [ '4.6.1' ],
15 silly audit   'pkg-dir': [ '7.0.0' ],
15 silly audit   'find-up': [ '6.3.0' ],
15 silly audit   'locate-path': [ '7.2.0' ],
15 silly audit   'p-limit': [ '4.0.0' ],
15 silly audit   'p-locate': [ '6.0.0' ],
15 silly audit   'path-exists': [ '5.0.0' ],
15 silly audit   postcss: [ '8.4.38' ],
15 silly audit   'postcss-loader': [ '8.1.1' ],
15 silly audit   'postcss-media-query-parser': [ '0.2.3' ],
15 silly audit   'postcss-modules-extract-imports': [ '3.1.0' ],
15 silly audit   'postcss-modules-local-by-default': [ '4.0.5' ],
15 silly audit   'postcss-modules-scope': [ '3.2.0' ],
15 silly audit   'postcss-modules-values': [ '4.0.0' ],
15 silly audit   'postcss-selector-parser': [ '6.1.1' ],
15 silly audit   'postcss-value-parser': [ '4.2.0' ],
15 silly audit   'proc-log': [ '4.2.0' ],
15 silly audit   'process-nextick-args': [ '2.0.1' ],
15 silly audit   'promise-inflight': [ '1.0.1' ],
15 silly audit   'promise-retry': [ '2.0.1' ],
15 silly audit   'proxy-addr': [ '2.0.7' ],
15 silly audit   prr: [ '1.0.1' ],
15 silly audit   punycode: [ '1.4.1', '2.3.1' ],
15 silly audit   qjobs: [ '1.2.0' ],
15 silly audit   qs: [ '6.11.0' ],
15 silly audit   'queue-microtask': [ '1.2.3' ],
15 silly audit   randombytes: [ '2.1.0' ],
15 silly audit   'range-parser': [ '1.2.1' ],
15 silly audit   'raw-body': [ '2.5.2' ],
15 silly audit   readdirp: [ '3.6.0' ],
15 silly audit   'reflect-metadata': [ '0.2.2' ],
15 silly audit   regenerate: [ '1.4.2' ],
15 silly audit   'regenerate-unicode-properties': [ '10.1.1' ],
15 silly audit   'regenerator-runtime': [ '0.14.1' ],
15 silly audit   'regenerator-transform': [ '0.15.2' ],
15 silly audit   'regex-parser': [ '2.3.0' ],
15 silly audit   'regexpu-core': [ '5.3.2' ],
15 silly audit   regjsparser: [ '0.9.1' ],
15 silly audit   'require-directory': [ '2.1.1' ],
15 silly audit   'require-from-string': [ '2.0.2' ],
15 silly audit   'requires-port': [ '1.0.0' ],
15 silly audit   resolve: [ '1.22.8' ],
15 silly audit   'resolve-url-loader': [ '5.0.0' ],
15 silly audit   reusify: [ '1.0.4' ],
15 silly audit   rfdc: [ '1.4.1' ],
15 silly audit   rimraf: [ '3.0.2', '5.0.9' ],
15 silly audit   'run-applescript': [ '7.0.0' ],
15 silly audit   'run-parallel': [ '1.2.0' ],
15 silly audit   rxjs: [ '7.8.1' ],
15 silly audit   'safer-buffer': [ '2.1.2' ],
15 silly audit   sass: [ '1.77.6' ],
15 silly audit   'sass-loader': [ '14.2.1' ],
15 silly audit   sax: [ '1.4.1' ],
15 silly audit   'schema-utils': [ '4.2.0', '3.3.0' ],
15 silly audit   'select-hose': [ '2.0.0' ],
15 silly audit   selfsigned: [ '2.4.1' ],
15 silly audit   send: [ '0.18.0' ],
15 silly audit   'serialize-javascript': [ '6.0.2' ],
15 silly audit   'serve-index': [ '1.9.1' ],
15 silly audit   setprototypeof: [ '1.1.0', '1.2.0' ],
15 silly audit   'serve-static': [ '1.15.0' ],
15 silly audit   'set-function-length': [ '1.2.2' ],
15 silly audit   'shallow-clone': [ '3.0.1' ],
15 silly audit   'shebang-command': [ '2.0.0' ],
15 silly audit   'shebang-regex': [ '3.0.0' ],
15 silly audit   'shell-quote': [ '1.8.1' ],
15 silly audit   'side-channel': [ '1.0.6' ],
15 silly audit   sigstore: [ '2.3.1' ],
15 silly audit   slash: [ '5.1.0' ],
15 silly audit   'smart-buffer': [ '4.2.0' ],
15 silly audit   'socket.io': [ '4.7.5' ],
15 silly audit   'socket.io-adapter': [ '2.5.5' ],
15 silly audit   'socket.io-parser': [ '4.2.4' ],
15 silly audit   sockjs: [ '0.3.24' ],
15 silly audit   socks: [ '2.8.3' ],
15 silly audit   'socks-proxy-agent': [ '8.0.4' ],
15 silly audit   'source-map-js': [ '1.2.0' ],
15 silly audit   'source-map-loader': [ '5.0.0' ],
15 silly audit   'source-map-support': [ '0.5.21' ],
15 silly audit   'spdx-correct': [ '3.2.0' ],
15 silly audit   'spdx-exceptions': [ '2.5.0' ],
15 silly audit   'spdx-expression-parse': [ '3.0.1' ],
15 silly audit   'spdx-license-ids': [ '3.0.18' ],
15 silly audit   spdy: [ '4.0.2' ],
15 silly audit   'spdy-transport': [ '3.0.0' ],
15 silly audit   'sprintf-js': [ '1.1.3' ],
15 silly audit   ssri: [ '10.0.6' ],
15 silly audit   streamroller: [ '3.1.5' ],
15 silly audit   'strip-final-newline': [ '2.0.0' ],
15 silly audit   'supports-preserve-symlinks-flag': [ '1.0.0' ],
15 silly audit   'symbol-observable': [ '4.0.0' ],
15 silly audit   tapable: [ '2.2.1' ],
15 silly audit   tar: [ '6.2.1' ],
15 silly audit   terser: [ '5.29.2' ],
15 silly audit   'terser-webpack-plugin': [ '5.3.10' ],
15 silly audit   thingies: [ '1.21.0' ],
15 silly audit   thunky: [ '1.1.0' ],
15 silly audit   'to-fast-properties': [ '2.0.0' ],
15 silly audit   'to-regex-range': [ '5.0.1' ],
15 silly audit   toidentifier: [ '1.0.1' ],
15 silly audit   'tree-dump': [ '1.0.2' ],
15 silly audit   'tree-kill': [ '1.2.2' ],
15 silly audit   tslib: [ '2.6.3' ],
15 silly audit   'tuf-js': [ '2.2.1' ],
15 silly audit   'type-fest': [ '0.21.3' ],
15 silly audit   'type-is': [ '1.6.18' ],
15 silly audit   'typed-assert': [ '1.0.9' ],
15 silly audit   typescript: [ '5.4.5' ],
15 silly audit   'ua-parser-js': [ '0.7.38' ],
15 silly audit   undici: [ '6.19.2' ],
15 silly audit   'undici-types': [ '5.26.5' ],
15 silly audit   'unicode-canonical-property-names-ecmascript': [ '2.0.0' ],
15 silly audit   'unicode-match-property-ecmascript': [ '2.0.0' ],
15 silly audit   'unicode-match-property-value-ecmascript': [ '2.1.0' ],
15 silly audit   'unicode-property-aliases-ecmascript': [ '2.1.0' ],
15 silly audit   'unicorn-magic': [ '0.1.0' ],
15 silly audit   'unique-filename': [ '3.0.0' ],
15 silly audit   'unique-slug': [ '4.0.0' ],
15 silly audit   universalify: [ '0.1.2' ],
15 silly audit   unpipe: [ '1.0.0' ],
15 silly audit   'update-browserslist-db': [ '1.1.0' ],
15 silly audit   'uri-js': [ '4.4.1' ],
15 silly audit   'util-deprecate': [ '1.0.2' ],
15 silly audit   'utils-merge': [ '1.0.1' ],
15 silly audit   uuid: [ '8.3.2' ],
15 silly audit   'validate-npm-package-license': [ '3.0.4' ],
15 silly audit   'validate-npm-package-name': [ '5.0.1' ],
15 silly audit   vary: [ '1.1.2' ],
15 silly audit   vite: [ '5.3.2' ],
15 silly audit   'void-elements': [ '2.0.1' ],
15 silly audit   watchpack: [ '2.4.1' ],
15 silly audit   wbuf: [ '1.7.3' ],
15 silly audit   wcwidth: [ '1.0.1' ],
15 silly audit   'weak-lru-cache': [ '1.2.2' ],
15 silly audit   webpack: [ '5.92.1' ],
15 silly audit   'webpack-dev-middleware': [ '7.2.1' ],
15 silly audit   'webpack-dev-server': [ '5.0.4' ],
15 silly audit   'webpack-merge': [ '5.10.0' ],
15 silly audit   'webpack-sources': [ '3.2.3' ],
15 silly audit   'webpack-subresource-integrity': [ '5.1.0' ],
15 silly audit   'websocket-driver': [ '0.7.4' ],
15 silly audit   'websocket-extensions': [ '0.1.4' ],
15 silly audit   wildcard: [ '2.0.1' ],
15 silly audit   wrappy: [ '1.0.2' ],
15 silly audit   ws: [ '8.17.1' ],
15 silly audit   xhr2: [ '0.2.1' ],
15 silly audit   y18n: [ '5.0.8' ],
15 silly audit   'yocto-queue': [ '1.1.1' ],
15 silly audit   'yoctocolors-cjs': [ '2.1.2' ],
15 silly audit   'zone.js': [ '0.14.7' ]
15 silly audit }
16 verbose reify failed optional dependency /home/ubuntu/web-layer/node_modules/fsevents
17 silly reify mark deleted [ '/home/ubuntu/web-layer/node_modules/fsevents' ]
18 verbose reify failed optional dependency /home/ubuntu/web-layer/node_modules/@rollup/rollup-win32-x64-msvc
19 silly reify mark deleted [ '/home/ubuntu/web-layer/node_modules/@rollup/rollup-win32-x64-msvc' ]
20 verbose reify failed optional dependency /home/ubuntu/web-layer/node_modules/@rollup/rollup-win32-ia32-msvc
21 silly reify mark deleted [
21 silly reify   '/home/ubuntu/web-layer/node_modules/@rollup/rollup-win32-ia32-msvc'
21 silly reify ]
22 verbose reify failed optional dependency /home/ubuntu/web-layer/node_modules/@rollup/rollup-win32-arm64-msvc
23 silly reify mark deleted [
23 silly reify   '/home/ubuntu/web-layer/node_modules/@rollup/rollup-win32-arm64-msvc'
23 silly reify ]
24 verbose reify failed optional dependency /home/ubuntu/web-layer/node_modules/@rollup/rollup-linux-s390x-gnu
25 silly reify mark deleted [
25 silly reify   '/home/ubuntu/web-layer/node_modules/@rollup/rollup-linux-s390x-gnu'
25 silly reify ]
26 verbose reify failed optional dependency /home/ubuntu/web-layer/node_modules/@rollup/rollup-linux-riscv64-gnu
27 silly reify mark deleted [
27 silly reify   '/home/ubuntu/web-layer/node_modules/@rollup/rollup-linux-riscv64-gnu'
27 silly reify ]
28 verbose reify failed optional dependency /home/ubuntu/web-layer/node_modules/@rollup/rollup-linux-powerpc64le-gnu
29 silly reify mark deleted [
29 silly reify   '/home/ubuntu/web-layer/node_modules/@rollup/rollup-linux-powerpc64le-gnu'
29 silly reify ]
30 verbose reify failed optional dependency /home/ubuntu/web-layer/node_modules/@rollup/rollup-linux-arm64-musl
31 silly reify mark deleted [
31 silly reify   '/home/ubuntu/web-layer/node_modules/@rollup/rollup-linux-arm64-musl'
31 silly reify ]
32 verbose reify failed optional dependency /home/ubuntu/web-layer/node_modules/@rollup/rollup-linux-arm64-gnu
33 silly reify mark deleted [
33 silly reify   '/home/ubuntu/web-layer/node_modules/@rollup/rollup-linux-arm64-gnu'
33 silly reify ]
34 verbose reify failed optional dependency /home/ubuntu/web-layer/node_modules/@rollup/rollup-linux-arm-musleabihf
35 silly reify mark deleted [
35 silly reify   '/home/ubuntu/web-layer/node_modules/@rollup/rollup-linux-arm-musleabihf'
35 silly reify ]
36 verbose reify failed optional dependency /home/ubuntu/web-layer/node_modules/@rollup/rollup-linux-arm-gnueabihf
37 silly reify mark deleted [
37 silly reify   '/home/ubuntu/web-layer/node_modules/@rollup/rollup-linux-arm-gnueabihf'
37 silly reify ]
38 verbose reify failed optional dependency /home/ubuntu/web-layer/node_modules/@rollup/rollup-darwin-x64
39 silly reify mark deleted [ '/home/ubuntu/web-layer/node_modules/@rollup/rollup-darwin-x64' ]
40 verbose reify failed optional dependency /home/ubuntu/web-layer/node_modules/@rollup/rollup-darwin-arm64
41 silly reify mark deleted [ '/home/ubuntu/web-layer/node_modules/@rollup/rollup-darwin-arm64' ]
42 verbose reify failed optional dependency /home/ubuntu/web-layer/node_modules/@rollup/rollup-android-arm64
43 silly reify mark deleted [ '/home/ubuntu/web-layer/node_modules/@rollup/rollup-android-arm64' ]
44 verbose reify failed optional dependency /home/ubuntu/web-layer/node_modules/@rollup/rollup-android-arm-eabi
45 silly reify mark deleted [
45 silly reify   '/home/ubuntu/web-layer/node_modules/@rollup/rollup-android-arm-eabi'
45 silly reify ]
46 verbose reify failed optional dependency /home/ubuntu/web-layer/node_modules/@msgpackr-extract/msgpackr-extract-win32-x64
47 silly reify mark deleted [
47 silly reify   '/home/ubuntu/web-layer/node_modules/@msgpackr-extract/msgpackr-extract-win32-x64'
47 silly reify ]
48 verbose reify failed optional dependency /home/ubuntu/web-layer/node_modules/@msgpackr-extract/msgpackr-extract-linux-arm64
49 silly reify mark deleted [
49 silly reify   '/home/ubuntu/web-layer/node_modules/@msgpackr-extract/msgpackr-extract-linux-arm64'
49 silly reify ]
50 verbose reify failed optional dependency /home/ubuntu/web-layer/node_modules/@msgpackr-extract/msgpackr-extract-linux-arm
51 silly reify mark deleted [
51 silly reify   '/home/ubuntu/web-layer/node_modules/@msgpackr-extract/msgpackr-extract-linux-arm'
51 silly reify ]
52 verbose reify failed optional dependency /home/ubuntu/web-layer/node_modules/@msgpackr-extract/msgpackr-extract-darwin-x64
53 silly reify mark deleted [
53 silly reify   '/home/ubuntu/web-layer/node_modules/@msgpackr-extract/msgpackr-extract-darwin-x64'
53 silly reify ]
54 verbose reify failed optional dependency /home/ubuntu/web-layer/node_modules/@msgpackr-extract/msgpackr-extract-darwin-arm64
55 silly reify mark deleted [
55 silly reify   '/home/ubuntu/web-layer/node_modules/@msgpackr-extract/msgpackr-extract-darwin-arm64'
55 silly reify ]
56 verbose reify failed optional dependency /home/ubuntu/web-layer/node_modules/@lmdb/lmdb-win32-x64
57 silly reify mark deleted [ '/home/ubuntu/web-layer/node_modules/@lmdb/lmdb-win32-x64' ]
58 verbose reify failed optional dependency /home/ubuntu/web-layer/node_modules/@lmdb/lmdb-linux-arm64
59 silly reify mark deleted [ '/home/ubuntu/web-layer/node_modules/@lmdb/lmdb-linux-arm64' ]
60 verbose reify failed optional dependency /home/ubuntu/web-layer/node_modules/@lmdb/lmdb-linux-arm
61 silly reify mark deleted [ '/home/ubuntu/web-layer/node_modules/@lmdb/lmdb-linux-arm' ]
62 verbose reify failed optional dependency /home/ubuntu/web-layer/node_modules/@lmdb/lmdb-darwin-x64
63 silly reify mark deleted [ '/home/ubuntu/web-layer/node_modules/@lmdb/lmdb-darwin-x64' ]
64 verbose reify failed optional dependency /home/ubuntu/web-layer/node_modules/@lmdb/lmdb-darwin-arm64
65 silly reify mark deleted [ '/home/ubuntu/web-layer/node_modules/@lmdb/lmdb-darwin-arm64' ]
66 verbose reify failed optional dependency /home/ubuntu/web-layer/node_modules/@esbuild/win32-x64
67 silly reify mark deleted [ '/home/ubuntu/web-layer/node_modules/@esbuild/win32-x64' ]
68 verbose reify failed optional dependency /home/ubuntu/web-layer/node_modules/@esbuild/win32-ia32
69 silly reify mark deleted [ '/home/ubuntu/web-layer/node_modules/@esbuild/win32-ia32' ]
70 verbose reify failed optional dependency /home/ubuntu/web-layer/node_modules/@esbuild/win32-arm64
71 silly reify mark deleted [ '/home/ubuntu/web-layer/node_modules/@esbuild/win32-arm64' ]
72 verbose reify failed optional dependency /home/ubuntu/web-layer/node_modules/@esbuild/sunos-x64
73 silly reify mark deleted [ '/home/ubuntu/web-layer/node_modules/@esbuild/sunos-x64' ]
74 verbose reify failed optional dependency /home/ubuntu/web-layer/node_modules/@esbuild/openbsd-x64
75 silly reify mark deleted [ '/home/ubuntu/web-layer/node_modules/@esbuild/openbsd-x64' ]
76 verbose reify failed optional dependency /home/ubuntu/web-layer/node_modules/@esbuild/netbsd-x64
77 silly reify mark deleted [ '/home/ubuntu/web-layer/node_modules/@esbuild/netbsd-x64' ]
78 verbose reify failed optional dependency /home/ubuntu/web-layer/node_modules/@esbuild/linux-s390x
79 silly reify mark deleted [ '/home/ubuntu/web-layer/node_modules/@esbuild/linux-s390x' ]
80 verbose reify failed optional dependency /home/ubuntu/web-layer/node_modules/@esbuild/linux-riscv64
81 silly reify mark deleted [ '/home/ubuntu/web-layer/node_modules/@esbuild/linux-riscv64' ]
82 verbose reify failed optional dependency /home/ubuntu/web-layer/node_modules/@esbuild/linux-ppc64
83 silly reify mark deleted [ '/home/ubuntu/web-layer/node_modules/@esbuild/linux-ppc64' ]
84 verbose reify failed optional dependency /home/ubuntu/web-layer/node_modules/@esbuild/linux-mips64el
85 silly reify mark deleted [ '/home/ubuntu/web-layer/node_modules/@esbuild/linux-mips64el' ]
86 verbose reify failed optional dependency /home/ubuntu/web-layer/node_modules/@esbuild/linux-loong64
87 silly reify mark deleted [ '/home/ubuntu/web-layer/node_modules/@esbuild/linux-loong64' ]
88 verbose reify failed optional dependency /home/ubuntu/web-layer/node_modules/@esbuild/linux-ia32
89 silly reify mark deleted [ '/home/ubuntu/web-layer/node_modules/@esbuild/linux-ia32' ]
90 verbose reify failed optional dependency /home/ubuntu/web-layer/node_modules/@esbuild/linux-arm64
91 silly reify mark deleted [ '/home/ubuntu/web-layer/node_modules/@esbuild/linux-arm64' ]
92 verbose reify failed optional dependency /home/ubuntu/web-layer/node_modules/@esbuild/linux-arm
93 silly reify mark deleted [ '/home/ubuntu/web-layer/node_modules/@esbuild/linux-arm' ]
94 verbose reify failed optional dependency /home/ubuntu/web-layer/node_modules/@esbuild/freebsd-x64
95 silly reify mark deleted [ '/home/ubuntu/web-layer/node_modules/@esbuild/freebsd-x64' ]
96 verbose reify failed optional dependency /home/ubuntu/web-layer/node_modules/@esbuild/freebsd-arm64
97 silly reify mark deleted [ '/home/ubuntu/web-layer/node_modules/@esbuild/freebsd-arm64' ]
98 verbose reify failed optional dependency /home/ubuntu/web-layer/node_modules/@esbuild/darwin-x64
99 silly reify mark deleted [ '/home/ubuntu/web-layer/node_modules/@esbuild/darwin-x64' ]
100 verbose reify failed optional dependency /home/ubuntu/web-layer/node_modules/@esbuild/darwin-arm64
101 silly reify mark deleted [ '/home/ubuntu/web-layer/node_modules/@esbuild/darwin-arm64' ]
102 verbose reify failed optional dependency /home/ubuntu/web-layer/node_modules/@esbuild/android-x64
103 silly reify mark deleted [ '/home/ubuntu/web-layer/node_modules/@esbuild/android-x64' ]
104 verbose reify failed optional dependency /home/ubuntu/web-layer/node_modules/@esbuild/android-arm64
105 silly reify mark deleted [ '/home/ubuntu/web-layer/node_modules/@esbuild/android-arm64' ]
106 verbose reify failed optional dependency /home/ubuntu/web-layer/node_modules/@esbuild/android-arm
107 silly reify mark deleted [ '/home/ubuntu/web-layer/node_modules/@esbuild/android-arm' ]
108 verbose reify failed optional dependency /home/ubuntu/web-layer/node_modules/@esbuild/aix-ppc64
109 silly reify mark deleted [ '/home/ubuntu/web-layer/node_modules/@esbuild/aix-ppc64' ]
110 verbose reify failed optional dependency /home/ubuntu/web-layer/node_modules/@angular/build/node_modules/@rollup/rollup-win32-x64-msvc
111 silly reify mark deleted [
111 silly reify   '/home/ubuntu/web-layer/node_modules/@angular/build/node_modules/@rollup/rollup-win32-x64-msvc'
111 silly reify ]
112 verbose reify failed optional dependency /home/ubuntu/web-layer/node_modules/@angular/build/node_modules/@rollup/rollup-win32-ia32-msvc
113 silly reify mark deleted [
113 silly reify   '/home/ubuntu/web-layer/node_modules/@angular/build/node_modules/@rollup/rollup-win32-ia32-msvc'
113 silly reify ]
114 verbose reify failed optional dependency /home/ubuntu/web-layer/node_modules/@angular/build/node_modules/@rollup/rollup-win32-arm64-msvc
115 silly reify mark deleted [
115 silly reify   '/home/ubuntu/web-layer/node_modules/@angular/build/node_modules/@rollup/rollup-win32-arm64-msvc'
115 silly reify ]
116 verbose reify failed optional dependency /home/ubuntu/web-layer/node_modules/@angular/build/node_modules/@rollup/rollup-linux-s390x-gnu
117 silly reify mark deleted [
117 silly reify   '/home/ubuntu/web-layer/node_modules/@angular/build/node_modules/@rollup/rollup-linux-s390x-gnu'
117 silly reify ]
118 verbose reify failed optional dependency /home/ubuntu/web-layer/node_modules/@angular/build/node_modules/@rollup/rollup-linux-riscv64-gnu
119 silly reify mark deleted [
119 silly reify   '/home/ubuntu/web-layer/node_modules/@angular/build/node_modules/@rollup/rollup-linux-riscv64-gnu'
119 silly reify ]
120 verbose reify failed optional dependency /home/ubuntu/web-layer/node_modules/@angular/build/node_modules/@rollup/rollup-linux-powerpc64le-gnu
121 silly reify mark deleted [
121 silly reify   '/home/ubuntu/web-layer/node_modules/@angular/build/node_modules/@rollup/rollup-linux-powerpc64le-gnu'
121 silly reify ]
122 verbose reify failed optional dependency /home/ubuntu/web-layer/node_modules/@angular/build/node_modules/@rollup/rollup-linux-arm64-musl
123 silly reify mark deleted [
123 silly reify   '/home/ubuntu/web-layer/node_modules/@angular/build/node_modules/@rollup/rollup-linux-arm64-musl'
123 silly reify ]
124 verbose reify failed optional dependency /home/ubuntu/web-layer/node_modules/@angular/build/node_modules/@rollup/rollup-linux-arm64-gnu
125 silly reify mark deleted [
125 silly reify   '/home/ubuntu/web-layer/node_modules/@angular/build/node_modules/@rollup/rollup-linux-arm64-gnu'
125 silly reify ]
126 verbose reify failed optional dependency /home/ubuntu/web-layer/node_modules/@angular/build/node_modules/@rollup/rollup-linux-arm-musleabihf
127 silly reify mark deleted [
127 silly reify   '/home/ubuntu/web-layer/node_modules/@angular/build/node_modules/@rollup/rollup-linux-arm-musleabihf'
127 silly reify ]
128 verbose reify failed optional dependency /home/ubuntu/web-layer/node_modules/@angular/build/node_modules/@rollup/rollup-linux-arm-gnueabihf
129 silly reify mark deleted [
129 silly reify   '/home/ubuntu/web-layer/node_modules/@angular/build/node_modules/@rollup/rollup-linux-arm-gnueabihf'
129 silly reify ]
130 verbose reify failed optional dependency /home/ubuntu/web-layer/node_modules/@angular/build/node_modules/@rollup/rollup-darwin-x64
131 silly reify mark deleted [
131 silly reify   '/home/ubuntu/web-layer/node_modules/@angular/build/node_modules/@rollup/rollup-darwin-x64'
131 silly reify ]
132 verbose reify failed optional dependency /home/ubuntu/web-layer/node_modules/@angular/build/node_modules/@rollup/rollup-darwin-arm64
133 silly reify mark deleted [
133 silly reify   '/home/ubuntu/web-layer/node_modules/@angular/build/node_modules/@rollup/rollup-darwin-arm64'
133 silly reify ]
134 verbose reify failed optional dependency /home/ubuntu/web-layer/node_modules/@angular/build/node_modules/@rollup/rollup-android-arm64
135 silly reify mark deleted [
135 silly reify   '/home/ubuntu/web-layer/node_modules/@angular/build/node_modules/@rollup/rollup-android-arm64'
135 silly reify ]
136 verbose reify failed optional dependency /home/ubuntu/web-layer/node_modules/@angular/build/node_modules/@rollup/rollup-android-arm-eabi
137 silly reify mark deleted [
137 silly reify   '/home/ubuntu/web-layer/node_modules/@angular/build/node_modules/@rollup/rollup-android-arm-eabi'
137 silly reify ]
138 http fetch POST 200 https://registry.npmjs.org/-/npm/v1/security/advisories/bulk 848ms
139 silly audit report {}
140 silly ADD
141 silly ADD
142 silly ADD
143 silly ADD
144 silly ADD
145 silly ADD
146 silly ADD
147 silly ADD
148 silly ADD
149 silly ADD
150 silly ADD
151 silly ADD
152 silly ADD
153 silly ADD
154 silly ADD
155 silly ADD
156 silly ADD
157 silly ADD
158 silly ADD
159 silly ADD
160 silly ADD
161 silly ADD
162 silly ADD
163 silly ADD
164 silly ADD
165 silly ADD
166 silly ADD
167 silly ADD
168 silly ADD
169 silly ADD
170 silly ADD
171 silly ADD
172 silly ADD
173 silly ADD
174 silly ADD
175 silly ADD
176 silly ADD
177 silly ADD
178 silly ADD
179 silly ADD
180 silly ADD
181 silly ADD
182 silly ADD
183 silly ADD
184 silly ADD
185 silly ADD
186 silly ADD
187 silly ADD
188 silly ADD
189 silly ADD
190 silly ADD
191 silly ADD
192 silly ADD
193 silly ADD
194 silly ADD
195 silly ADD
196 silly ADD
197 silly ADD
198 silly ADD
199 silly ADD
200 silly ADD
201 verbose exit 0
202 info ok
