0 verbose cli /usr/bin/node /usr/bin/npm
1 info using npm@10.7.0
2 info using node@v18.20.4
3 silly config:load:file:/usr/lib/node_modules/npm/npmrc
4 silly config:load:file:/home/ubuntu/.npmrc
5 silly config:load:file:/usr/etc/npmrc
6 verbose title npm install @angular/cli
7 verbose argv "install" "--global" "@angular/cli"
8 verbose logfile logs-max:10 dir:/home/ubuntu/.npm/_logs/2024-07-21T12_34_50_934Z-
9 verbose logfile /home/ubuntu/.npm/_logs/2024-07-21T12_34_50_934Z-debug-0.log
10 silly logfile start cleaning logs, removing 1 files
11 silly logfile done cleaning log files
12 silly idealTree buildDeps
13 silly fetch manifest @angular/cli@*
14 http fetch GET 200 https://registry.npmjs.org/@angular%2fcli 175ms (cache revalidated)
15 silly placeDep ROOT @angular/cli@18.1.1 OK for:  want: *
16 silly fetch manifest ini@4.1.3
17 http fetch GET 200 https://registry.npmjs.org/ini 84ms (cache revalidated)
18 silly fetch manifest yargs@17.7.2
19 http fetch GET 200 https://registry.npmjs.org/yargs 40ms (cache revalidated)
20 silly fetch manifest listr2@8.2.3
21 http fetch GET 200 https://registry.npmjs.org/listr2 54ms (cache revalidated)
22 silly fetch manifest pacote@18.0.6
23 http fetch GET 200 https://registry.npmjs.org/pacote 85ms (cache revalidated)
24 silly fetch manifest semver@7.6.2
25 http fetch GET 200 https://registry.npmjs.org/semver 38ms (cache revalidated)
26 silly fetch manifest resolve@1.22.8
27 http fetch GET 200 https://registry.npmjs.org/resolve 59ms (cache revalidated)
28 silly fetch manifest jsonc-parser@3.3.1
29 http fetch GET 200 https://registry.npmjs.org/jsonc-parser 42ms (cache revalidated)
30 silly fetch manifest npm-package-arg@11.0.2
31 http fetch GET 200 https://registry.npmjs.org/npm-package-arg 34ms (cache revalidated)
32 silly fetch manifest @inquirer/prompts@5.0.7
33 http fetch GET 200 https://registry.npmjs.org/@inquirer%2fprompts 95ms (cache revalidated)
34 silly fetch manifest @yarnpkg/lockfile@1.1.0
35 http fetch GET 200 https://registry.npmjs.org/@yarnpkg%2flockfile 81ms (cache revalidated)
36 silly fetch manifest npm-pick-manifest@9.0.1
37 http fetch GET 200 https://registry.npmjs.org/npm-pick-manifest 41ms (cache revalidated)
38 silly fetch manifest symbol-observable@4.0.0
39 http fetch GET 200 https://registry.npmjs.org/symbol-observable 31ms (cache revalidated)
40 silly fetch manifest @schematics/angular@18.1.1
41 http fetch GET 200 https://registry.npmjs.org/@schematics%2fangular 90ms (cache revalidated)
42 silly fetch manifest @angular-devkit/core@18.1.1
43 http fetch GET 200 https://registry.npmjs.org/@angular-devkit%2fcore 134ms (cache revalidated)
44 silly fetch manifest @angular-devkit/architect@0.1801.1
45 http fetch GET 200 https://registry.npmjs.org/@angular-devkit%2farchitect 102ms (cache revalidated)
46 silly fetch manifest @angular-devkit/schematics@18.1.1
47 http fetch GET 200 https://registry.npmjs.org/@angular-devkit%2fschematics 76ms (cache revalidated)
48 silly fetch manifest @listr2/prompt-adapter-inquirer@2.0.13
49 http fetch GET 200 https://registry.npmjs.org/@listr2%2fprompt-adapter-inquirer 138ms (cache revalidated)
50 silly fetch manifest chokidar@^3.5.2
51 http fetch GET 200 https://registry.npmjs.org/chokidar 32ms (cache revalidated)
52 silly placeDep node_modules/@angular/cli @angular-devkit/architect@0.1801.1 OK for: @angular/cli@18.1.1 want: 0.1801.1
53 silly placeDep node_modules/@angular/cli @angular-devkit/core@18.1.1 OK for: @angular/cli@18.1.1 want: 18.1.1
54 silly placeDep node_modules/@angular/cli @angular-devkit/schematics@18.1.1 OK for: @angular/cli@18.1.1 want: 18.1.1
55 silly placeDep node_modules/@angular/cli @inquirer/prompts@5.0.7 OK for: @angular/cli@18.1.1 want: 5.0.7
56 silly placeDep node_modules/@angular/cli @listr2/prompt-adapter-inquirer@2.0.13 OK for: @angular/cli@18.1.1 want: 2.0.13
57 silly placeDep node_modules/@angular/cli @schematics/angular@18.1.1 OK for: @angular/cli@18.1.1 want: 18.1.1
58 silly placeDep node_modules/@angular/cli @yarnpkg/lockfile@1.1.0 OK for: @angular/cli@18.1.1 want: 1.1.0
59 silly placeDep node_modules/@angular/cli ini@4.1.3 OK for: @angular/cli@18.1.1 want: 4.1.3
60 silly placeDep node_modules/@angular/cli jsonc-parser@3.3.1 OK for: @angular/cli@18.1.1 want: 3.3.1
61 silly placeDep node_modules/@angular/cli listr2@8.2.3 OK for: @angular/cli@18.1.1 want: 8.2.3
62 silly placeDep node_modules/@angular/cli npm-package-arg@11.0.2 OK for: @angular/cli@18.1.1 want: 11.0.2
63 silly placeDep node_modules/@angular/cli npm-pick-manifest@9.0.1 OK for: @angular/cli@18.1.1 want: 9.0.1
64 silly placeDep node_modules/@angular/cli pacote@18.0.6 OK for: @angular/cli@18.1.1 want: 18.0.6
65 silly placeDep node_modules/@angular/cli resolve@1.22.8 OK for: @angular/cli@18.1.1 want: 1.22.8
66 silly placeDep node_modules/@angular/cli semver@7.6.2 OK for: @angular/cli@18.1.1 want: 7.6.2
67 silly placeDep node_modules/@angular/cli symbol-observable@4.0.0 OK for: @angular/cli@18.1.1 want: 4.0.0
68 silly placeDep node_modules/@angular/cli yargs@17.7.2 OK for: @angular/cli@18.1.1 want: 17.7.2
69 silly fetch manifest rxjs@7.8.1
70 http fetch GET 200 https://registry.npmjs.org/rxjs 46ms (cache revalidated)
71 silly fetch manifest ajv@8.16.0
72 http fetch GET 200 https://registry.npmjs.org/ajv 37ms (cache revalidated)
73 silly fetch manifest picomatch@4.0.2
74 http fetch GET 200 https://registry.npmjs.org/picomatch 39ms (cache revalidated)
75 silly fetch manifest source-map@0.7.4
76 http fetch GET 200 https://registry.npmjs.org/source-map 35ms (cache revalidated)
77 silly fetch manifest ajv-formats@3.0.1
78 http fetch GET 200 https://registry.npmjs.org/ajv-formats 50ms (cache revalidated)
79 silly fetch manifest ora@5.4.1
80 http fetch GET 200 https://registry.npmjs.org/ora 36ms (cache revalidated)
81 silly fetch manifest magic-string@0.30.10
82 http fetch GET 200 https://registry.npmjs.org/magic-string 35ms (cache revalidated)
83 silly fetch manifest @inquirer/input@^2.1.11
84 http fetch GET 200 https://registry.npmjs.org/@inquirer%2finput 135ms (cache revalidated)
85 silly fetch manifest @inquirer/editor@^2.1.11
86 http fetch GET 200 https://registry.npmjs.org/@inquirer%2feditor 170ms (cache revalidated)
87 silly fetch manifest @inquirer/expand@^2.1.11
88 http fetch GET 200 https://registry.npmjs.org/@inquirer%2fexpand 105ms (cache revalidated)
89 silly fetch manifest @inquirer/select@^2.3.7
90 http fetch GET 200 https://registry.npmjs.org/@inquirer%2fselect 105ms (cache revalidated)
91 silly fetch manifest @inquirer/confirm@^3.1.11
92 http fetch GET 200 https://registry.npmjs.org/@inquirer%2fconfirm 71ms (cache revalidated)
93 silly fetch manifest @inquirer/rawlist@^2.1.11
94 http fetch GET 200 https://registry.npmjs.org/@inquirer%2frawlist 93ms (cache revalidated)
95 silly fetch manifest @inquirer/checkbox@^2.3.7
96 http fetch GET 200 https://registry.npmjs.org/@inquirer%2fcheckbox 96ms (cache revalidated)
97 silly fetch manifest @inquirer/password@^2.1.11
98 http fetch GET 200 https://registry.npmjs.org/@inquirer%2fpassword 328ms (cache revalidated)
99 silly fetch manifest @inquirer/type@^1.3.3
100 http fetch GET 200 https://registry.npmjs.org/@inquirer%2ftype 103ms (cache revalidated)
101 silly fetch manifest cli-truncate@^4.0.0
102 http fetch GET 200 https://registry.npmjs.org/cli-truncate 35ms (cache revalidated)
103 silly fetch manifest colorette@^2.0.20
104 http fetch GET 200 https://registry.npmjs.org/colorette 36ms (cache revalidated)
105 silly fetch manifest eventemitter3@^5.0.1
106 http fetch GET 200 https://registry.npmjs.org/eventemitter3 35ms (cache revalidated)
107 silly fetch manifest log-update@^6.0.0
108 http fetch GET 200 https://registry.npmjs.org/log-update 40ms (cache revalidated)
109 silly fetch manifest rfdc@^1.4.1
110 http fetch GET 200 https://registry.npmjs.org/rfdc 39ms (cache revalidated)
111 silly fetch manifest wrap-ansi@^9.0.0
112 http fetch GET 200 https://registry.npmjs.org/wrap-ansi 52ms (cache revalidated)
113 silly fetch manifest semver@^7.3.5
114 silly fetch manifest proc-log@^4.0.0
115 http fetch GET 200 https://registry.npmjs.org/proc-log 35ms (cache revalidated)
116 silly fetch manifest hosted-git-info@^7.0.0
117 http fetch GET 200 https://registry.npmjs.org/hosted-git-info 36ms (cache revalidated)
118 silly fetch manifest validate-npm-package-name@^5.0.0
119 http fetch GET 200 https://registry.npmjs.org/validate-npm-package-name 34ms (cache revalidated)
120 silly fetch manifest npm-install-checks@^6.0.0
121 http fetch GET 200 https://registry.npmjs.org/npm-install-checks 30ms (cache revalidated)
122 silly fetch manifest npm-normalize-package-bin@^3.0.0
123 http fetch GET 200 https://registry.npmjs.org/npm-normalize-package-bin 45ms (cache revalidated)
124 silly fetch manifest tar@^6.1.11
125 http fetch GET 200 https://registry.npmjs.org/tar 61ms (cache revalidated)
126 silly fetch manifest ssri@^10.0.0
127 http fetch GET 200 https://registry.npmjs.org/ssri 32ms (cache revalidated)
128 silly fetch manifest cacache@^18.0.0
129 http fetch GET 200 https://registry.npmjs.org/cacache 89ms (cache revalidated)
130 silly fetch manifest minipass@^7.0.2
131 http fetch GET 200 https://registry.npmjs.org/minipass 35ms (cache revalidated)
132 silly fetch manifest sigstore@^2.2.0
133 http fetch GET 200 https://registry.npmjs.org/sigstore 31ms (cache revalidated)
134 silly fetch manifest @npmcli/git@^5.0.0
135 http fetch GET 200 https://registry.npmjs.org/@npmcli%2fgit 71ms (cache revalidated)
136 silly fetch manifest fs-minipass@^3.0.0
137 http fetch GET 200 https://registry.npmjs.org/fs-minipass 42ms (cache revalidated)
138 silly fetch manifest npm-packlist@^8.0.0
139 http fetch GET 200 https://registry.npmjs.org/npm-packlist 39ms (cache revalidated)
140 silly fetch manifest promise-retry@^2.0.1
141 http fetch GET 200 https://registry.npmjs.org/promise-retry 36ms (cache revalidated)
142 silly fetch manifest @npmcli/run-script@^8.0.0
143 http fetch GET 200 https://registry.npmjs.org/@npmcli%2frun-script 71ms (cache revalidated)
144 silly fetch manifest npm-registry-fetch@^17.0.0
145 http fetch GET 200 https://registry.npmjs.org/npm-registry-fetch 54ms (cache revalidated)
146 silly fetch manifest @npmcli/package-json@^5.1.0
147 http fetch GET 200 https://registry.npmjs.org/@npmcli%2fpackage-json 61ms (cache revalidated)
148 silly fetch manifest @npmcli/promise-spawn@^7.0.0
149 http fetch GET 200 https://registry.npmjs.org/@npmcli%2fpromise-spawn 71ms (cache revalidated)
150 silly fetch manifest @npmcli/installed-package-contents@^2.0.1
151 http fetch GET 200 https://registry.npmjs.org/@npmcli%2finstalled-package-contents 76ms (cache revalidated)
152 silly fetch manifest is-core-module@^2.13.0
153 http fetch GET 200 https://registry.npmjs.org/is-core-module 480ms (cache revalidated)
154 silly fetch manifest path-parse@^1.0.7
155 http fetch GET 200 https://registry.npmjs.org/path-parse 33ms (cache revalidated)
156 silly fetch manifest supports-preserve-symlinks-flag@^1.0.0
157 http fetch GET 200 https://registry.npmjs.org/supports-preserve-symlinks-flag 39ms (cache revalidated)
158 silly fetch manifest y18n@^5.0.5
159 http fetch GET 200 https://registry.npmjs.org/y18n 53ms (cache revalidated)
160 silly fetch manifest cliui@^8.0.1
161 http fetch GET 200 https://registry.npmjs.org/cliui 36ms (cache revalidated)
162 silly fetch manifest escalade@^3.1.1
163 http fetch GET 200 https://registry.npmjs.org/escalade 33ms (cache revalidated)
164 silly fetch manifest string-width@^4.2.3
165 http fetch GET 200 https://registry.npmjs.org/string-width 468ms (cache revalidated)
166 silly fetch manifest yargs-parser@^21.1.1
167 http fetch GET 200 https://registry.npmjs.org/yargs-parser 31ms (cache revalidated)
168 silly fetch manifest get-caller-file@^2.0.5
169 http fetch GET 200 https://registry.npmjs.org/get-caller-file 34ms (cache revalidated)
170 silly fetch manifest require-directory@^2.1.1
171 http fetch GET 200 https://registry.npmjs.org/require-directory 46ms (cache revalidated)
172 silly placeDep node_modules/@angular/cli rxjs@7.8.1 OK for: @angular-devkit/architect@0.1801.1 want: 7.8.1
173 silly fetch manifest tslib@^2.1.0
174 http fetch GET 200 https://registry.npmjs.org/tslib 36ms (cache revalidated)
175 silly placeDep node_modules/@angular/cli ajv@8.16.0 OK for: @angular-devkit/core@18.1.1 want: 8.16.0
176 silly placeDep node_modules/@angular/cli ajv-formats@3.0.1 OK for: @angular-devkit/core@18.1.1 want: 3.0.1
177 silly placeDep node_modules/@angular/cli picomatch@4.0.2 OK for: @angular-devkit/core@18.1.1 want: 4.0.2
178 silly placeDep node_modules/@angular/cli source-map@0.7.4 OK for: @angular-devkit/core@18.1.1 want: 0.7.4
179 silly fetch manifest uri-js@^4.4.1
180 http fetch GET 200 https://registry.npmjs.org/uri-js 32ms (cache revalidated)
181 silly fetch manifest fast-deep-equal@^3.1.3
182 http fetch GET 200 https://registry.npmjs.org/fast-deep-equal 33ms (cache revalidated)
183 silly fetch manifest require-from-string@^2.0.2
184 http fetch GET 200 https://registry.npmjs.org/require-from-string 472ms (cache revalidated)
185 silly fetch manifest json-schema-traverse@^1.0.0
186 http fetch GET 200 https://registry.npmjs.org/json-schema-traverse 118ms (cache revalidated)
187 silly placeDep node_modules/@angular/cli magic-string@0.30.10 OK for: @angular-devkit/schematics@18.1.1 want: 0.30.10
188 silly placeDep node_modules/@angular/cli ora@5.4.1 OK for: @angular-devkit/schematics@18.1.1 want: 5.4.1
189 silly fetch manifest @jridgewell/sourcemap-codec@^1.4.15
190 http fetch GET 200 https://registry.npmjs.org/@jridgewell%2fsourcemap-codec 59ms (cache revalidated)
191 silly fetch manifest bl@^4.1.0
192 http fetch GET 200 https://registry.npmjs.org/bl 31ms (cache revalidated)
193 silly fetch manifest chalk@^4.1.0
194 http fetch GET 200 https://registry.npmjs.org/chalk 37ms (cache revalidated)
195 silly fetch manifest wcwidth@^1.0.1
196 http fetch GET 200 https://registry.npmjs.org/wcwidth 34ms (cache revalidated)
197 silly fetch manifest cli-cursor@^3.1.0
198 http fetch GET 200 https://registry.npmjs.org/cli-cursor 29ms (cache revalidated)
199 silly fetch manifest strip-ansi@^6.0.0
200 http fetch GET 200 https://registry.npmjs.org/strip-ansi 34ms (cache revalidated)
201 silly fetch manifest log-symbols@^4.1.0
202 http fetch GET 200 https://registry.npmjs.org/log-symbols 37ms (cache revalidated)
203 silly fetch manifest cli-spinners@^2.5.0
204 http fetch GET 200 https://registry.npmjs.org/cli-spinners 49ms (cache revalidated)
205 silly fetch manifest is-interactive@^1.0.0
206 http fetch GET 200 https://registry.npmjs.org/is-interactive 31ms (cache revalidated)
207 silly fetch manifest is-unicode-supported@^0.1.0
208 http fetch GET 200 https://registry.npmjs.org/is-unicode-supported 477ms (cache revalidated)
209 silly placeDep node_modules/@angular/cli @inquirer/checkbox@2.4.1 OK for: @inquirer/prompts@5.0.7 want: ^2.3.7
210 silly placeDep node_modules/@angular/cli @inquirer/confirm@3.1.16 OK for: @inquirer/prompts@5.0.7 want: ^3.1.11
211 silly placeDep node_modules/@angular/cli @inquirer/editor@2.1.16 OK for: @inquirer/prompts@5.0.7 want: ^2.1.11
212 silly placeDep node_modules/@angular/cli @inquirer/expand@2.1.16 OK for: @inquirer/prompts@5.0.7 want: ^2.1.11
213 silly placeDep node_modules/@angular/cli @inquirer/input@2.2.3 OK for: @inquirer/prompts@5.0.7 want: ^2.1.11
214 silly placeDep node_modules/@angular/cli @inquirer/password@2.1.16 OK for: @inquirer/prompts@5.0.7 want: ^2.1.11
215 silly placeDep node_modules/@angular/cli @inquirer/rawlist@2.1.16 OK for: @inquirer/prompts@5.0.7 want: ^2.1.11
216 silly placeDep node_modules/@angular/cli @inquirer/select@2.4.1 OK for: @inquirer/prompts@5.0.7 want: ^2.3.7
217 silly fetch manifest @inquirer/core@^9.0.4
218 http fetch GET 200 https://registry.npmjs.org/@inquirer%2fcore 68ms (cache revalidated)
219 silly fetch manifest @inquirer/figures@^1.0.4
220 http fetch GET 200 https://registry.npmjs.org/@inquirer%2ffigures 70ms (cache revalidated)
221 silly fetch manifest @inquirer/type@^1.5.0
222 silly fetch manifest ansi-escapes@^4.3.2
223 http fetch GET 200 https://registry.npmjs.org/ansi-escapes 32ms (cache revalidated)
224 silly fetch manifest yoctocolors-cjs@^2.1.2
225 http fetch GET 200 https://registry.npmjs.org/yoctocolors-cjs 32ms (cache revalidated)
226 silly fetch manifest external-editor@^3.1.0
227 http fetch GET 200 https://registry.npmjs.org/external-editor 472ms (cache revalidated)
228 silly placeDep node_modules/@angular/cli @inquirer/core@9.0.4 OK for: @inquirer/checkbox@2.4.1 want: ^9.0.4
229 silly placeDep node_modules/@angular/cli @inquirer/figures@1.0.4 OK for: @inquirer/checkbox@2.4.1 want: ^1.0.4
230 silly placeDep node_modules/@angular/cli @inquirer/type@1.5.0 OK for: @inquirer/checkbox@2.4.1 want: ^1.5.0
231 silly placeDep node_modules/@angular/cli ansi-escapes@4.3.2 OK for: @inquirer/checkbox@2.4.1 want: ^4.3.2
232 silly placeDep node_modules/@angular/cli yoctocolors-cjs@2.1.2 OK for: @inquirer/checkbox@2.4.1 want: ^2.1.2
233 silly fetch manifest @types/mute-stream@^0.0.4
234 http fetch GET 200 https://registry.npmjs.org/@types%2fmute-stream 66ms (cache revalidated)
235 silly fetch manifest @types/node@^20.14.11
236 http fetch GET 200 https://registry.npmjs.org/@types%2fnode 104ms (cache revalidated)
237 silly fetch manifest @types/wrap-ansi@^3.0.0
238 http fetch GET 200 https://registry.npmjs.org/@types%2fwrap-ansi 55ms (cache revalidated)
239 silly fetch manifest cli-spinners@^2.9.2
240 silly fetch manifest cli-width@^4.1.0
241 http fetch GET 200 https://registry.npmjs.org/cli-width 57ms (cache revalidated)
242 silly fetch manifest mute-stream@^1.0.0
243 http fetch GET 200 https://registry.npmjs.org/mute-stream 96ms (cache revalidated)
244 silly fetch manifest signal-exit@^4.1.0
245 http fetch GET 200 https://registry.npmjs.org/signal-exit 44ms (cache revalidated)
246 silly fetch manifest strip-ansi@^6.0.1
247 silly fetch manifest wrap-ansi@^6.2.0
248 silly fetch manifest type-fest@^0.21.3
249 http fetch GET 200 https://registry.npmjs.org/type-fest 42ms (cache revalidated)
250 silly placeDep node_modules/@angular/cli @types/mute-stream@0.0.4 OK for: @inquirer/core@9.0.4 want: ^0.0.4
251 silly placeDep node_modules/@angular/cli @types/node@20.14.11 OK for: @inquirer/core@9.0.4 want: ^20.14.11
252 silly placeDep node_modules/@angular/cli @types/wrap-ansi@3.0.0 OK for: @inquirer/core@9.0.4 want: ^3.0.0
253 silly placeDep node_modules/@angular/cli cli-spinners@2.9.2 OK for: @inquirer/core@9.0.4 want: ^2.9.2
254 silly placeDep node_modules/@angular/cli cli-width@4.1.0 OK for: @inquirer/core@9.0.4 want: ^4.1.0
255 silly placeDep node_modules/@angular/cli mute-stream@1.0.0 OK for: @inquirer/core@9.0.4 want: ^1.0.0
256 silly placeDep node_modules/@angular/cli signal-exit@4.1.0 OK for: @inquirer/core@9.0.4 want: ^4.1.0
257 silly placeDep node_modules/@angular/cli strip-ansi@6.0.1 OK for: @inquirer/core@9.0.4 want: ^6.0.1
258 silly placeDep node_modules/@angular/cli wrap-ansi@6.2.0 OK for: @inquirer/core@9.0.4 want: ^6.2.0
259 silly fetch manifest @types/node@*
260 silly fetch manifest undici-types@~5.26.4
261 http fetch GET 200 https://registry.npmjs.org/undici-types 40ms (cache revalidated)
262 silly fetch manifest ansi-regex@^5.0.1
263 http fetch GET 200 https://registry.npmjs.org/ansi-regex 52ms (cache revalidated)
264 silly fetch manifest ansi-styles@^4.0.0
265 http fetch GET 200 https://registry.npmjs.org/ansi-styles 38ms (cache revalidated)
266 silly fetch manifest string-width@^4.1.0
267 silly placeDep node_modules/@angular/cli external-editor@3.1.0 OK for: @inquirer/editor@2.1.16 want: ^3.1.0
268 silly fetch manifest chardet@^0.7.0
269 http fetch GET 200 https://registry.npmjs.org/chardet 481ms (cache revalidated)
270 silly fetch manifest iconv-lite@^0.4.24
271 http fetch GET 200 https://registry.npmjs.org/iconv-lite 33ms (cache revalidated)
272 silly fetch manifest tmp@^0.0.33
273 http fetch GET 200 https://registry.npmjs.org/tmp 479ms (cache revalidated)
274 silly placeDep node_modules/@angular/cli undici-types@5.26.5 OK for: @types/node@20.14.11 want: ~5.26.4
275 silly placeDep node_modules/@angular/cli fast-deep-equal@3.1.3 OK for: ajv@8.16.0 want: ^3.1.3
276 silly placeDep node_modules/@angular/cli json-schema-traverse@1.0.0 OK for: ajv@8.16.0 want: ^1.0.0
277 silly placeDep node_modules/@angular/cli require-from-string@2.0.2 OK for: ajv@8.16.0 want: ^2.0.2
278 silly placeDep node_modules/@angular/cli uri-js@4.4.1 OK for: ajv@8.16.0 want: ^4.4.1
279 silly fetch manifest punycode@^2.1.0
280 http fetch GET 200 https://registry.npmjs.org/punycode 42ms (cache revalidated)
281 silly placeDep node_modules/@angular/cli type-fest@0.21.3 OK for: ansi-escapes@4.3.2 want: ^0.21.3
282 silly placeDep node_modules/@angular/cli chardet@0.7.0 OK for: external-editor@3.1.0 want: ^0.7.0
283 silly placeDep node_modules/@angular/cli iconv-lite@0.4.24 OK for: external-editor@3.1.0 want: ^0.4.24
284 silly placeDep node_modules/@angular/cli tmp@0.0.33 OK for: external-editor@3.1.0 want: ^0.0.33
285 silly fetch manifest safer-buffer@>= 2.1.2 < 3
286 http fetch GET 200 https://registry.npmjs.org/safer-buffer 41ms (cache revalidated)
287 silly fetch manifest os-tmpdir@~1.0.2
288 http fetch GET 200 https://registry.npmjs.org/os-tmpdir 33ms (cache revalidated)
289 silly placeDep node_modules/@angular/cli safer-buffer@2.1.2 OK for: iconv-lite@0.4.24 want: >= 2.1.2 < 3
290 silly placeDep node_modules/@angular/cli cli-truncate@4.0.0 OK for: listr2@8.2.3 want: ^4.0.0
291 silly placeDep node_modules/@angular/cli colorette@2.0.20 OK for: listr2@8.2.3 want: ^2.0.20
292 silly placeDep node_modules/@angular/cli eventemitter3@5.0.1 OK for: listr2@8.2.3 want: ^5.0.1
293 silly placeDep node_modules/@angular/cli log-update@6.0.0 OK for: listr2@8.2.3 want: ^6.0.0
294 silly placeDep node_modules/@angular/cli rfdc@1.4.1 OK for: listr2@8.2.3 want: ^1.4.1
295 silly placeDep node_modules/@angular/cli/node_modules/listr2 wrap-ansi@9.0.0 OK for: listr2@8.2.3 want: ^9.0.0
296 silly fetch manifest slice-ansi@^5.0.0
297 http fetch GET 200 https://registry.npmjs.org/slice-ansi 41ms (cache revalidated)
298 silly fetch manifest string-width@^7.0.0
299 silly fetch manifest ansi-escapes@^6.2.0
300 silly fetch manifest cli-cursor@^4.0.0
301 silly fetch manifest slice-ansi@^7.0.0
302 silly fetch manifest strip-ansi@^7.1.0
303 silly fetch manifest ansi-styles@^6.2.1
304 silly placeDep node_modules/@angular/cli slice-ansi@5.0.0 OK for: cli-truncate@4.0.0 want: ^5.0.0
305 silly placeDep node_modules/@angular/cli string-width@7.2.0 OK for: cli-truncate@4.0.0 want: ^7.0.0
306 silly fetch manifest ansi-styles@^6.0.0
307 silly fetch manifest is-fullwidth-code-point@^4.0.0
308 http fetch GET 200 https://registry.npmjs.org/is-fullwidth-code-point 37ms (cache revalidated)
309 silly fetch manifest emoji-regex@^10.3.0
310 http fetch GET 200 https://registry.npmjs.org/emoji-regex 35ms (cache revalidated)
311 silly fetch manifest get-east-asian-width@^1.0.0
312 http fetch GET 200 https://registry.npmjs.org/get-east-asian-width 37ms (cache revalidated)
313 silly placeDep node_modules/@angular/cli/node_modules/log-update ansi-escapes@6.2.1 OK for: log-update@6.0.0 want: ^6.2.0
314 silly placeDep node_modules/@angular/cli cli-cursor@4.0.0 OK for: log-update@6.0.0 want: ^4.0.0
315 silly placeDep node_modules/@angular/cli/node_modules/log-update slice-ansi@7.1.0 OK for: log-update@6.0.0 want: ^7.0.0
316 silly placeDep node_modules/@angular/cli/node_modules/log-update strip-ansi@7.1.0 OK for: log-update@6.0.0 want: ^7.1.0
317 silly placeDep node_modules/@angular/cli/node_modules/log-update wrap-ansi@9.0.0 OK for: log-update@6.0.0 want: ^9.0.0
318 silly fetch manifest restore-cursor@^4.0.0
319 http fetch GET 200 https://registry.npmjs.org/restore-cursor 34ms (cache revalidated)
320 silly fetch manifest is-fullwidth-code-point@^5.0.0
321 silly fetch manifest ansi-regex@^6.0.1
322 silly placeDep node_modules/@angular/cli restore-cursor@4.0.0 OK for: cli-cursor@4.0.0 want: ^4.0.0
323 silly fetch manifest onetime@^5.1.0
324 http fetch GET 200 https://registry.npmjs.org/onetime 37ms (cache revalidated)
325 silly fetch manifest signal-exit@^3.0.2
326 silly placeDep node_modules/@angular/cli @jridgewell/sourcemap-codec@1.5.0 OK for: magic-string@0.30.10 want: ^1.4.15
327 silly placeDep node_modules/@angular/cli hosted-git-info@7.0.2 OK for: npm-package-arg@11.0.2 want: ^7.0.0
328 silly placeDep node_modules/@angular/cli proc-log@4.2.0 OK for: npm-package-arg@11.0.2 want: ^4.0.0
329 silly placeDep node_modules/@angular/cli validate-npm-package-name@5.0.1 OK for: npm-package-arg@11.0.2 want: ^5.0.0
330 silly fetch manifest lru-cache@^10.0.1
331 http fetch GET 200 https://registry.npmjs.org/lru-cache 44ms (cache revalidated)
332 silly placeDep node_modules/@angular/cli lru-cache@10.4.3 OK for: hosted-git-info@7.0.2 want: ^10.0.1
333 silly placeDep node_modules/@angular/cli npm-install-checks@6.3.0 OK for: npm-pick-manifest@9.0.1 want: ^6.0.0
334 silly placeDep node_modules/@angular/cli npm-normalize-package-bin@3.0.1 OK for: npm-pick-manifest@9.0.1 want: ^3.0.0
335 silly placeDep node_modules/@angular/cli bl@4.1.0 OK for: ora@5.4.1 want: ^4.1.0
336 silly placeDep node_modules/@angular/cli chalk@4.1.2 OK for: ora@5.4.1 want: ^4.1.0
337 silly placeDep node_modules/@angular/cli/node_modules/ora cli-cursor@3.1.0 OK for: ora@5.4.1 want: ^3.1.0
338 silly placeDep node_modules/@angular/cli is-interactive@1.0.0 OK for: ora@5.4.1 want: ^1.0.0
339 silly placeDep node_modules/@angular/cli is-unicode-supported@0.1.0 OK for: ora@5.4.1 want: ^0.1.0
340 silly placeDep node_modules/@angular/cli log-symbols@4.1.0 OK for: ora@5.4.1 want: ^4.1.0
341 silly placeDep node_modules/@angular/cli wcwidth@1.0.1 OK for: ora@5.4.1 want: ^1.0.1
342 silly fetch manifest buffer@^5.5.0
343 http fetch GET 200 https://registry.npmjs.org/buffer 40ms (cache revalidated)
344 silly fetch manifest inherits@^2.0.4
345 http fetch GET 200 https://registry.npmjs.org/inherits 37ms (cache revalidated)
346 silly fetch manifest readable-stream@^3.4.0
347 http fetch GET 200 https://registry.npmjs.org/readable-stream 52ms (cache revalidated)
348 silly fetch manifest ansi-styles@^4.1.0
349 silly fetch manifest supports-color@^7.1.0
350 http fetch GET 200 https://registry.npmjs.org/supports-color 43ms (cache revalidated)
351 silly fetch manifest restore-cursor@^3.1.0
352 silly fetch manifest defaults@^1.0.3
353 http fetch GET 200 https://registry.npmjs.org/defaults 29ms (cache revalidated)
354 silly placeDep node_modules/@angular/cli buffer@5.7.1 OK for: bl@4.1.0 want: ^5.5.0
355 silly placeDep node_modules/@angular/cli inherits@2.0.4 OK for: bl@4.1.0 want: ^2.0.4
356 silly placeDep node_modules/@angular/cli readable-stream@3.6.2 OK for: bl@4.1.0 want: ^3.4.0
357 silly fetch manifest base64-js@^1.3.1
358 http fetch GET 200 https://registry.npmjs.org/base64-js 30ms (cache revalidated)
359 silly fetch manifest ieee754@^1.1.13
360 http fetch GET 200 https://registry.npmjs.org/ieee754 38ms (cache revalidated)
361 silly fetch manifest string_decoder@^1.1.1
362 http fetch GET 200 https://registry.npmjs.org/string_decoder 36ms (cache revalidated)
363 silly fetch manifest util-deprecate@^1.0.1
364 http fetch GET 200 https://registry.npmjs.org/util-deprecate 39ms (cache revalidated)
365 silly placeDep node_modules/@angular/cli base64-js@1.5.1 OK for: buffer@5.7.1 want: ^1.3.1
366 silly placeDep node_modules/@angular/cli ieee754@1.2.1 OK for: buffer@5.7.1 want: ^1.1.13
367 silly placeDep node_modules/@angular/cli ansi-styles@4.3.0 OK for: chalk@4.1.2 want: ^4.1.0
368 silly placeDep node_modules/@angular/cli supports-color@7.2.0 OK for: chalk@4.1.2 want: ^7.1.0
369 silly fetch manifest color-convert@^2.0.1
370 http fetch GET 200 https://registry.npmjs.org/color-convert 53ms (cache revalidated)
371 silly fetch manifest has-flag@^4.0.0
372 http fetch GET 200 https://registry.npmjs.org/has-flag 30ms (cache revalidated)
373 silly placeDep node_modules/@angular/cli color-convert@2.0.1 OK for: ansi-styles@4.3.0 want: ^2.0.1
374 silly fetch manifest color-name@~1.1.4
375 http fetch GET 200 https://registry.npmjs.org/color-name 34ms (cache revalidated)
376 silly placeDep node_modules/@angular/cli color-name@1.1.4 OK for: color-convert@2.0.1 want: ~1.1.4
377 silly placeDep node_modules/@angular/cli @npmcli/git@5.0.8 OK for: pacote@18.0.6 want: ^5.0.0
378 silly placeDep node_modules/@angular/cli @npmcli/installed-package-contents@2.1.0 OK for: pacote@18.0.6 want: ^2.0.1
379 silly placeDep node_modules/@angular/cli @npmcli/package-json@5.2.0 OK for: pacote@18.0.6 want: ^5.1.0
380 silly placeDep node_modules/@angular/cli @npmcli/promise-spawn@7.0.2 OK for: pacote@18.0.6 want: ^7.0.0
381 silly placeDep node_modules/@angular/cli @npmcli/run-script@8.1.0 OK for: pacote@18.0.6 want: ^8.0.0
382 silly placeDep node_modules/@angular/cli cacache@18.0.4 OK for: pacote@18.0.6 want: ^18.0.0
383 silly placeDep node_modules/@angular/cli fs-minipass@3.0.3 OK for: pacote@18.0.6 want: ^3.0.0
384 silly placeDep node_modules/@angular/cli minipass@7.1.2 OK for: pacote@18.0.6 want: ^7.0.2
385 silly placeDep node_modules/@angular/cli npm-packlist@8.0.2 OK for: pacote@18.0.6 want: ^8.0.0
386 silly placeDep node_modules/@angular/cli npm-registry-fetch@17.1.0 OK for: pacote@18.0.6 want: ^17.0.0
387 silly placeDep node_modules/@angular/cli promise-retry@2.0.1 OK for: pacote@18.0.6 want: ^2.0.1
388 silly placeDep node_modules/@angular/cli sigstore@2.3.1 OK for: pacote@18.0.6 want: ^2.2.0
389 silly placeDep node_modules/@angular/cli ssri@10.0.6 OK for: pacote@18.0.6 want: ^10.0.0
390 silly placeDep node_modules/@angular/cli tar@6.2.1 OK for: pacote@18.0.6 want: ^6.1.11
391 silly fetch manifest promise-inflight@^1.0.1
392 http fetch GET 200 https://registry.npmjs.org/promise-inflight 33ms (cache revalidated)
393 silly fetch manifest which@^4.0.0
394 http fetch GET 200 https://registry.npmjs.org/which 33ms (cache revalidated)
395 silly fetch manifest npm-bundled@^3.0.0
396 http fetch GET 200 https://registry.npmjs.org/npm-bundled 126ms (cache revalidated)
397 silly fetch manifest glob@^10.2.2
398 http fetch GET 200 https://registry.npmjs.org/glob 39ms (cache revalidated)
399 silly fetch manifest json-parse-even-better-errors@^3.0.0
400 http fetch GET 200 https://registry.npmjs.org/json-parse-even-better-errors 249ms (cache revalidated)
401 silly fetch manifest normalize-package-data@^6.0.0
402 http fetch GET 200 https://registry.npmjs.org/normalize-package-data 41ms (cache revalidated)
403 silly fetch manifest node-gyp@^10.0.0
404 http fetch GET 200 https://registry.npmjs.org/node-gyp 42ms (cache revalidated)
405 silly fetch manifest @npmcli/node-gyp@^3.0.0
406 http fetch GET 200 https://registry.npmjs.org/@npmcli%2fnode-gyp 58ms (cache revalidated)
407 silly fetch manifest @npmcli/fs@^3.1.0
408 http fetch GET 200 https://registry.npmjs.org/@npmcli%2ffs 61ms (cache revalidated)
409 silly fetch manifest minipass@^7.0.3
410 silly fetch manifest minipass-collect@^2.0.1
411 http fetch GET 200 https://registry.npmjs.org/minipass-collect 34ms (cache revalidated)
412 silly fetch manifest minipass-flush@^1.0.5
413 http fetch GET 200 https://registry.npmjs.org/minipass-flush 38ms (cache revalidated)
414 silly fetch manifest minipass-pipeline@^1.2.4
415 http fetch GET 200 https://registry.npmjs.org/minipass-pipeline 39ms (cache revalidated)
416 silly fetch manifest p-map@^4.0.0
417 http fetch GET 200 https://registry.npmjs.org/p-map 489ms (cache revalidated)
418 silly fetch manifest unique-filename@^3.0.0
419 http fetch GET 200 https://registry.npmjs.org/unique-filename 53ms (cache revalidated)
420 silly fetch manifest ignore-walk@^6.0.4
421 http fetch GET 200 https://registry.npmjs.org/ignore-walk 37ms (cache revalidated)
422 silly fetch manifest @npmcli/redact@^2.0.0
423 http fetch GET 200 https://registry.npmjs.org/@npmcli%2fredact 67ms (cache revalidated)
424 silly fetch manifest jsonparse@^1.3.1
425 http fetch GET 200 https://registry.npmjs.org/jsonparse 45ms (cache revalidated)
426 silly fetch manifest make-fetch-happen@^13.0.0
427 http fetch GET 200 https://registry.npmjs.org/make-fetch-happen 38ms (cache revalidated)
428 silly fetch manifest minipass-fetch@^3.0.0
429 http fetch GET 200 https://registry.npmjs.org/minipass-fetch 41ms (cache revalidated)
430 silly fetch manifest minizlib@^2.1.2
431 http fetch GET 200 https://registry.npmjs.org/minizlib 475ms (cache revalidated)
432 silly fetch manifest err-code@^2.0.2
433 http fetch GET 200 https://registry.npmjs.org/err-code 36ms (cache revalidated)
434 silly fetch manifest retry@^0.12.0
435 http fetch GET 200 https://registry.npmjs.org/retry 36ms (cache revalidated)
436 silly fetch manifest @sigstore/bundle@^2.3.2
437 http fetch GET 200 https://registry.npmjs.org/@sigstore%2fbundle 62ms (cache revalidated)
438 silly fetch manifest @sigstore/core@^1.0.0
439 http fetch GET 200 https://registry.npmjs.org/@sigstore%2fcore 68ms (cache revalidated)
440 silly fetch manifest @sigstore/protobuf-specs@^0.3.2
441 http fetch GET 200 https://registry.npmjs.org/@sigstore%2fprotobuf-specs 97ms (cache revalidated)
442 silly fetch manifest @sigstore/sign@^2.3.2
443 http fetch GET 200 https://registry.npmjs.org/@sigstore%2fsign 109ms (cache revalidated)
444 silly fetch manifest @sigstore/tuf@^2.3.4
445 http fetch GET 200 https://registry.npmjs.org/@sigstore%2ftuf 67ms (cache revalidated)
446 silly fetch manifest @sigstore/verify@^1.2.1
447 http fetch GET 200 https://registry.npmjs.org/@sigstore%2fverify 89ms (cache revalidated)
448 silly fetch manifest chownr@^2.0.0
449 http fetch GET 200 https://registry.npmjs.org/chownr 37ms (cache revalidated)
450 silly fetch manifest mkdirp@^1.0.3
451 http fetch GET 200 https://registry.npmjs.org/mkdirp 39ms (cache revalidated)
452 silly fetch manifest yallist@^4.0.0
453 http fetch GET 200 https://registry.npmjs.org/yallist 40ms (cache revalidated)
454 silly fetch manifest minipass@^5.0.0
455 silly fetch manifest minizlib@^2.1.1
456 silly fetch manifest fs-minipass@^2.0.0
457 silly placeDep node_modules/@angular/cli promise-inflight@1.0.1 OK for: @npmcli/git@5.0.8 want: ^1.0.1
458 silly placeDep node_modules/@angular/cli which@4.0.0 OK for: @npmcli/git@5.0.8 want: ^4.0.0
459 silly fetch manifest isexe@^3.1.1
460 http fetch GET 200 https://registry.npmjs.org/isexe 32ms (cache revalidated)
461 silly placeDep node_modules/@angular/cli npm-bundled@3.0.1 OK for: @npmcli/installed-package-contents@2.1.0 want: ^3.0.0
462 silly placeDep node_modules/@angular/cli glob@10.4.5 OK for: @npmcli/package-json@5.2.0 want: ^10.2.2
463 silly placeDep node_modules/@angular/cli json-parse-even-better-errors@3.0.2 OK for: @npmcli/package-json@5.2.0 want: ^3.0.0
464 silly placeDep node_modules/@angular/cli normalize-package-data@6.0.2 OK for: @npmcli/package-json@5.2.0 want: ^6.0.0
465 silly fetch manifest jackspeak@^3.1.2
466 http fetch GET 200 https://registry.npmjs.org/jackspeak 37ms (cache revalidated)
467 silly fetch manifest minimatch@^9.0.4
468 http fetch GET 200 https://registry.npmjs.org/minimatch 38ms (cache revalidated)
469 silly fetch manifest path-scurry@^1.11.1
470 http fetch GET 200 https://registry.npmjs.org/path-scurry 37ms (cache revalidated)
471 silly fetch manifest foreground-child@^3.1.0
472 http fetch GET 200 https://registry.npmjs.org/foreground-child 31ms (cache revalidated)
473 silly fetch manifest package-json-from-dist@^1.0.0
474 http fetch GET 200 https://registry.npmjs.org/package-json-from-dist 41ms (cache revalidated)
475 silly fetch manifest validate-npm-package-license@^3.0.4
476 http fetch GET 200 https://registry.npmjs.org/validate-npm-package-license 34ms (cache revalidated)
477 silly placeDep node_modules/@angular/cli @npmcli/node-gyp@3.0.0 OK for: @npmcli/run-script@8.1.0 want: ^3.0.0
478 silly placeDep node_modules/@angular/cli node-gyp@10.2.0 OK for: @npmcli/run-script@8.1.0 want: ^10.0.0
479 silly fetch manifest env-paths@^2.2.0
480 http fetch GET 200 https://registry.npmjs.org/env-paths 45ms (cache revalidated)
481 silly fetch manifest exponential-backoff@^3.1.1
482 http fetch GET 200 https://registry.npmjs.org/exponential-backoff 47ms (cache revalidated)
483 silly fetch manifest graceful-fs@^4.2.6
484 http fetch GET 200 https://registry.npmjs.org/graceful-fs 38ms (cache revalidated)
485 silly fetch manifest nopt@^7.0.0
486 http fetch GET 200 https://registry.npmjs.org/nopt 32ms (cache revalidated)
487 silly placeDep node_modules/@angular/cli @npmcli/fs@3.1.1 OK for: cacache@18.0.4 want: ^3.1.0
488 silly placeDep node_modules/@angular/cli minipass-collect@2.0.1 OK for: cacache@18.0.4 want: ^2.0.1
489 silly placeDep node_modules/@angular/cli minipass-flush@1.0.5 OK for: cacache@18.0.4 want: ^1.0.5
490 silly placeDep node_modules/@angular/cli minipass-pipeline@1.2.4 OK for: cacache@18.0.4 want: ^1.2.4
491 silly placeDep node_modules/@angular/cli p-map@4.0.0 OK for: cacache@18.0.4 want: ^4.0.0
492 silly placeDep node_modules/@angular/cli unique-filename@3.0.0 OK for: cacache@18.0.4 want: ^3.0.0
493 silly fetch manifest minipass@^3.0.0
494 silly fetch manifest aggregate-error@^3.0.0
495 http fetch GET 200 https://registry.npmjs.org/aggregate-error 487ms (cache revalidated)
496 silly fetch manifest unique-slug@^4.0.0
497 http fetch GET 200 https://registry.npmjs.org/unique-slug 31ms (cache revalidated)
498 silly placeDep node_modules/@angular/cli foreground-child@3.2.1 OK for: glob@10.4.5 want: ^3.1.0
499 silly placeDep node_modules/@angular/cli jackspeak@3.4.3 OK for: glob@10.4.5 want: ^3.1.2
500 silly placeDep node_modules/@angular/cli minimatch@9.0.5 OK for: glob@10.4.5 want: ^9.0.4
501 silly placeDep node_modules/@angular/cli package-json-from-dist@1.0.0 OK for: glob@10.4.5 want: ^1.0.0
502 silly placeDep node_modules/@angular/cli path-scurry@1.11.1 OK for: glob@10.4.5 want: ^1.11.1
503 silly fetch manifest cross-spawn@^7.0.0
504 http fetch GET 200 https://registry.npmjs.org/cross-spawn 33ms (cache revalidated)
505 silly fetch manifest @isaacs/cliui@^8.0.2
506 http fetch GET 200 https://registry.npmjs.org/@isaacs%2fcliui 105ms (cache revalidated)
507 silly fetch manifest @pkgjs/parseargs@^0.11.0
508 http fetch GET 200 https://registry.npmjs.org/@pkgjs%2fparseargs 77ms (cache revalidated)
509 silly fetch manifest brace-expansion@^2.0.1
510 http fetch GET 200 https://registry.npmjs.org/brace-expansion 31ms (cache revalidated)
511 silly placeDep node_modules/@angular/cli cross-spawn@7.0.3 OK for: foreground-child@3.2.1 want: ^7.0.0
512 silly fetch manifest path-key@^3.1.0
513 http fetch GET 200 https://registry.npmjs.org/path-key 33ms (cache revalidated)
514 silly fetch manifest shebang-command@^2.0.0
515 http fetch GET 200 https://registry.npmjs.org/shebang-command 45ms (cache revalidated)
516 silly fetch manifest which@^2.0.1
517 silly placeDep node_modules/@angular/cli path-key@3.1.1 OK for: cross-spawn@7.0.3 want: ^3.1.0
518 silly placeDep node_modules/@angular/cli shebang-command@2.0.0 OK for: cross-spawn@7.0.3 want: ^2.0.0
519 silly placeDep node_modules/@angular/cli/node_modules/cross-spawn which@2.0.2 OK for: cross-spawn@7.0.3 want: ^2.0.1
520 silly fetch manifest shebang-regex@^3.0.0
521 http fetch GET 200 https://registry.npmjs.org/shebang-regex 36ms (cache revalidated)
522 silly fetch manifest isexe@^2.0.0
523 silly placeDep node_modules/@angular/cli @isaacs/cliui@8.0.2 OK for: jackspeak@3.4.3 want: ^8.0.2
524 silly placeDep node_modules/@angular/cli @pkgjs/parseargs@0.11.0 OK for: jackspeak@3.4.3 want: ^0.11.0
525 silly fetch manifest string-width@^5.1.2
526 silly fetch manifest string-width-cjs@npm:string-width@^4.2.0
527 silly fetch manifest strip-ansi@^7.0.1
528 silly fetch manifest strip-ansi-cjs@npm:strip-ansi@^6.0.1
529 silly fetch manifest wrap-ansi@^8.1.0
530 silly fetch manifest wrap-ansi-cjs@npm:wrap-ansi@^7.0.0
531 silly placeDep node_modules/@angular/cli/node_modules/@isaacs/cliui string-width@5.1.2 OK for: @isaacs/cliui@8.0.2 want: ^5.1.2
532 silly placeDep node_modules/@angular/cli string-width-cjs@4.2.3 OK for: @isaacs/cliui@8.0.2 want: npm:string-width@^4.2.0
533 silly placeDep node_modules/@angular/cli/node_modules/@isaacs/cliui strip-ansi@7.1.0 OK for: @isaacs/cliui@8.0.2 want: ^7.0.1
534 silly placeDep node_modules/@angular/cli strip-ansi-cjs@6.0.1 OK for: @isaacs/cliui@8.0.2 want: npm:strip-ansi@^6.0.1
535 silly placeDep node_modules/@angular/cli/node_modules/@isaacs/cliui wrap-ansi@8.1.0 OK for: @isaacs/cliui@8.0.2 want: ^8.1.0
536 silly placeDep node_modules/@angular/cli wrap-ansi-cjs@7.0.0 OK for: @isaacs/cliui@8.0.2 want: npm:wrap-ansi@^7.0.0
537 silly fetch manifest emoji-regex@^9.2.2
538 silly fetch manifest eastasianwidth@^0.2.0
539 http fetch GET 200 https://registry.npmjs.org/eastasianwidth 32ms (cache revalidated)
540 silly fetch manifest emoji-regex@^8.0.0
541 silly fetch manifest is-fullwidth-code-point@^3.0.0
542 silly fetch manifest ansi-styles@^6.1.0
543 silly placeDep node_modules/@angular/cli brace-expansion@2.0.1 OK for: minimatch@9.0.5 want: ^2.0.1
544 silly fetch manifest balanced-match@^1.0.0
545 http fetch GET 200 https://registry.npmjs.org/balanced-match 30ms (cache revalidated)
546 silly placeDep node_modules/@angular/cli balanced-match@1.0.2 OK for: brace-expansion@2.0.1 want: ^1.0.0
547 silly placeDep node_modules/@angular/cli/node_modules/minipass-flush minipass@3.3.6 OK for: minipass-flush@1.0.5 want: ^3.0.0
548 silly placeDep node_modules/@angular/cli/node_modules/minipass-pipeline minipass@3.3.6 OK for: minipass-pipeline@1.2.4 want: ^3.0.0
549 silly placeDep node_modules/@angular/cli env-paths@2.2.1 OK for: node-gyp@10.2.0 want: ^2.2.0
550 silly placeDep node_modules/@angular/cli exponential-backoff@3.1.1 OK for: node-gyp@10.2.0 want: ^3.1.1
551 silly placeDep node_modules/@angular/cli graceful-fs@4.2.11 OK for: node-gyp@10.2.0 want: ^4.2.6
552 silly placeDep node_modules/@angular/cli make-fetch-happen@13.0.1 OK for: node-gyp@10.2.0 want: ^13.0.0
553 silly placeDep node_modules/@angular/cli nopt@7.2.1 OK for: node-gyp@10.2.0 want: ^7.0.0
554 silly fetch manifest is-lambda@^1.0.1
555 http fetch GET 200 https://registry.npmjs.org/is-lambda 30ms (cache revalidated)
556 silly fetch manifest negotiator@^0.6.3
557 http fetch GET 200 https://registry.npmjs.org/negotiator 49ms (cache revalidated)
558 silly fetch manifest @npmcli/agent@^2.0.0
559 http fetch GET 200 https://registry.npmjs.org/@npmcli%2fagent 109ms (cache revalidated)
560 silly fetch manifest http-cache-semantics@^4.1.1
561 http fetch GET 200 https://registry.npmjs.org/http-cache-semantics 33ms (cache revalidated)
562 silly fetch manifest abbrev@^2.0.0
563 http fetch GET 200 https://registry.npmjs.org/abbrev 35ms (cache revalidated)
564 silly placeDep node_modules/@angular/cli @npmcli/agent@2.2.2 OK for: make-fetch-happen@13.0.1 want: ^2.0.0
565 silly placeDep node_modules/@angular/cli http-cache-semantics@4.1.1 OK for: make-fetch-happen@13.0.1 want: ^4.1.1
566 silly placeDep node_modules/@angular/cli is-lambda@1.0.1 OK for: make-fetch-happen@13.0.1 want: ^1.0.1
567 silly placeDep node_modules/@angular/cli minipass-fetch@3.0.5 OK for: make-fetch-happen@13.0.1 want: ^3.0.0
568 silly placeDep node_modules/@angular/cli negotiator@0.6.3 OK for: make-fetch-happen@13.0.1 want: ^0.6.3
569 silly fetch manifest agent-base@^7.1.0
570 http fetch GET 200 https://registry.npmjs.org/agent-base 41ms (cache revalidated)
571 silly fetch manifest http-proxy-agent@^7.0.0
572 http fetch GET 200 https://registry.npmjs.org/http-proxy-agent 35ms (cache revalidated)
573 silly fetch manifest https-proxy-agent@^7.0.1
574 http fetch GET 200 https://registry.npmjs.org/https-proxy-agent 29ms (cache revalidated)
575 silly fetch manifest socks-proxy-agent@^8.0.3
576 http fetch GET 200 https://registry.npmjs.org/socks-proxy-agent 30ms (cache revalidated)
577 silly fetch manifest minipass-sized@^1.0.3
578 http fetch GET 200 https://registry.npmjs.org/minipass-sized 27ms (cache revalidated)
579 silly fetch manifest encoding@^0.1.13
580 http fetch GET 200 https://registry.npmjs.org/encoding 40ms (cache revalidated)
581 silly placeDep node_modules/@angular/cli agent-base@7.1.1 OK for: @npmcli/agent@2.2.2 want: ^7.1.0
582 silly placeDep node_modules/@angular/cli http-proxy-agent@7.0.2 OK for: @npmcli/agent@2.2.2 want: ^7.0.0
583 silly placeDep node_modules/@angular/cli https-proxy-agent@7.0.5 OK for: @npmcli/agent@2.2.2 want: ^7.0.1
584 silly placeDep node_modules/@angular/cli socks-proxy-agent@8.0.4 OK for: @npmcli/agent@2.2.2 want: ^8.0.3
585 silly fetch manifest debug@^4.3.4
586 http fetch GET 200 https://registry.npmjs.org/debug 35ms (cache revalidated)
587 silly fetch manifest debug@4
588 silly fetch manifest socks@^2.8.3
589 http fetch GET 200 https://registry.npmjs.org/socks 36ms (cache revalidated)
590 silly placeDep node_modules/@angular/cli debug@4.3.5 OK for: agent-base@7.1.1 want: ^4.3.4
591 silly fetch manifest ms@2.1.2
592 http fetch GET 200 https://registry.npmjs.org/ms 34ms (cache revalidated)
593 silly placeDep node_modules/@angular/cli ms@2.1.2 OK for: debug@4.3.5 want: 2.1.2
594 silly placeDep node_modules/@angular/cli encoding@0.1.13 OK for: minipass-fetch@3.0.5 want: ^0.1.13
595 silly placeDep node_modules/@angular/cli minipass-sized@1.0.3 OK for: minipass-fetch@3.0.5 want: ^1.0.3
596 silly placeDep node_modules/@angular/cli minizlib@2.1.2 OK for: minipass-fetch@3.0.5 want: ^2.1.2
597 silly fetch manifest iconv-lite@^0.6.2
598 silly placeDep node_modules/@angular/cli/node_modules/encoding iconv-lite@0.6.3 OK for: encoding@0.1.13 want: ^0.6.2
599 silly placeDep node_modules/@angular/cli/node_modules/minipass-sized minipass@3.3.6 OK for: minipass-sized@1.0.3 want: ^3.0.0
600 silly placeDep node_modules/@angular/cli/node_modules/minizlib minipass@3.3.6 OK for: minizlib@2.1.2 want: ^3.0.0
601 silly placeDep node_modules/@angular/cli yallist@4.0.0 OK for: minizlib@2.1.2 want: ^4.0.0
602 silly placeDep node_modules/@angular/cli abbrev@2.0.0 OK for: nopt@7.2.1 want: ^2.0.0
603 silly placeDep node_modules/@angular/cli validate-npm-package-license@3.0.4 OK for: normalize-package-data@6.0.2 want: ^3.0.4
604 silly fetch manifest spdx-correct@^3.0.0
605 http fetch GET 200 https://registry.npmjs.org/spdx-correct 36ms (cache revalidated)
606 silly fetch manifest spdx-expression-parse@^3.0.0
607 http fetch GET 200 https://registry.npmjs.org/spdx-expression-parse 33ms (cache revalidated)
608 silly placeDep node_modules/@angular/cli ignore-walk@6.0.5 OK for: npm-packlist@8.0.2 want: ^6.0.4
609 silly placeDep node_modules/@angular/cli @npmcli/redact@2.0.1 OK for: npm-registry-fetch@17.1.0 want: ^2.0.0
610 silly placeDep node_modules/@angular/cli jsonparse@1.3.1 OK for: npm-registry-fetch@17.1.0 want: ^1.3.1
611 silly placeDep node_modules/@angular/cli aggregate-error@3.1.0 OK for: p-map@4.0.0 want: ^3.0.0
612 silly fetch manifest clean-stack@^2.0.0
613 http fetch GET 200 https://registry.npmjs.org/clean-stack 493ms (cache revalidated)
614 silly fetch manifest indent-string@^4.0.0
615 http fetch GET 200 https://registry.npmjs.org/indent-string 41ms (cache revalidated)
616 silly placeDep node_modules/@angular/cli clean-stack@2.2.0 OK for: aggregate-error@3.1.0 want: ^2.0.0
617 silly placeDep node_modules/@angular/cli indent-string@4.0.0 OK for: aggregate-error@3.1.0 want: ^4.0.0
618 silly placeDep node_modules/@angular/cli err-code@2.0.3 OK for: promise-retry@2.0.1 want: ^2.0.2
619 silly placeDep node_modules/@angular/cli retry@0.12.0 OK for: promise-retry@2.0.1 want: ^0.12.0
620 silly placeDep node_modules/@angular/cli string_decoder@1.3.0 OK for: readable-stream@3.6.2 want: ^1.1.1
621 silly placeDep node_modules/@angular/cli util-deprecate@1.0.2 OK for: readable-stream@3.6.2 want: ^1.0.1
622 silly fetch manifest safe-buffer@~5.2.0
623 http fetch GET 200 https://registry.npmjs.org/safe-buffer 45ms (cache revalidated)
624 silly placeDep node_modules/@angular/cli is-core-module@2.15.0 OK for: resolve@1.22.8 want: ^2.13.0
625 silly placeDep node_modules/@angular/cli path-parse@1.0.7 OK for: resolve@1.22.8 want: ^1.0.7
626 silly placeDep node_modules/@angular/cli supports-preserve-symlinks-flag@1.0.0 OK for: resolve@1.22.8 want: ^1.0.0
627 silly fetch manifest hasown@^2.0.2
628 http fetch GET 200 https://registry.npmjs.org/hasown 36ms (cache revalidated)
629 silly placeDep node_modules/@angular/cli hasown@2.0.2 OK for: is-core-module@2.15.0 want: ^2.0.2
630 silly fetch manifest function-bind@^1.1.2
631 http fetch GET 200 https://registry.npmjs.org/function-bind 35ms (cache revalidated)
632 silly placeDep node_modules/@angular/cli function-bind@1.1.2 OK for: hasown@2.0.2 want: ^1.1.2
633 silly placeDep node_modules/@angular/cli onetime@5.1.2 OK for: restore-cursor@4.0.0 want: ^5.1.0
634 silly placeDep node_modules/@angular/cli/node_modules/restore-cursor signal-exit@3.0.7 OK for: restore-cursor@4.0.0 want: ^3.0.2
635 silly fetch manifest mimic-fn@^2.1.0
636 http fetch GET 200 https://registry.npmjs.org/mimic-fn 485ms (cache revalidated)
637 silly placeDep node_modules/@angular/cli mimic-fn@2.1.0 OK for: onetime@5.1.2 want: ^2.1.0
638 silly placeDep node_modules/@angular/cli tslib@2.6.3 OK for: rxjs@7.8.1 want: ^2.1.0
639 silly placeDep node_modules/@angular/cli shebang-regex@3.0.0 OK for: shebang-command@2.0.0 want: ^3.0.0
640 silly placeDep node_modules/@angular/cli @sigstore/bundle@2.3.2 OK for: sigstore@2.3.1 want: ^2.3.2
641 silly placeDep node_modules/@angular/cli @sigstore/core@1.1.0 OK for: sigstore@2.3.1 want: ^1.0.0
642 silly placeDep node_modules/@angular/cli @sigstore/protobuf-specs@0.3.2 OK for: sigstore@2.3.1 want: ^0.3.2
643 silly placeDep node_modules/@angular/cli @sigstore/sign@2.3.2 OK for: sigstore@2.3.1 want: ^2.3.2
644 silly placeDep node_modules/@angular/cli @sigstore/tuf@2.3.4 OK for: sigstore@2.3.1 want: ^2.3.4
645 silly placeDep node_modules/@angular/cli @sigstore/verify@1.2.1 OK for: sigstore@2.3.1 want: ^1.2.1
646 silly fetch manifest tuf-js@^2.2.1
647 http fetch GET 200 https://registry.npmjs.org/tuf-js 41ms (cache revalidated)
648 silly placeDep node_modules/@angular/cli tuf-js@2.2.1 OK for: @sigstore/tuf@2.3.4 want: ^2.2.1
649 silly fetch manifest @tufjs/models@2.0.1
650 http fetch GET 200 https://registry.npmjs.org/@tufjs%2fmodels 64ms (cache revalidated)
651 silly placeDep node_modules/@angular/cli/node_modules/slice-ansi ansi-styles@6.2.1 OK for: slice-ansi@5.0.0 want: ^6.0.0
652 silly placeDep node_modules/@angular/cli is-fullwidth-code-point@4.0.0 OK for: slice-ansi@5.0.0 want: ^4.0.0
653 silly placeDep node_modules/@angular/cli socks@2.8.3 OK for: socks-proxy-agent@8.0.4 want: ^2.8.3
654 silly fetch manifest ip-address@^9.0.5
655 http fetch GET 200 https://registry.npmjs.org/ip-address 48ms (cache revalidated)
656 silly fetch manifest smart-buffer@^4.2.0
657 http fetch GET 200 https://registry.npmjs.org/smart-buffer 35ms (cache revalidated)
658 silly placeDep node_modules/@angular/cli ip-address@9.0.5 OK for: socks@2.8.3 want: ^9.0.5
659 silly placeDep node_modules/@angular/cli smart-buffer@4.2.0 OK for: socks@2.8.3 want: ^4.2.0
660 silly fetch manifest jsbn@1.1.0
661 http fetch GET 200 https://registry.npmjs.org/jsbn 34ms (cache revalidated)
662 silly fetch manifest sprintf-js@^1.1.3
663 http fetch GET 200 https://registry.npmjs.org/sprintf-js 35ms (cache revalidated)
664 silly placeDep node_modules/@angular/cli jsbn@1.1.0 OK for: ip-address@9.0.5 want: 1.1.0
665 silly placeDep node_modules/@angular/cli sprintf-js@1.1.3 OK for: ip-address@9.0.5 want: ^1.1.3
666 silly placeDep node_modules/@angular/cli safe-buffer@5.2.1 OK for: string_decoder@1.3.0 want: ~5.2.0
667 silly placeDep node_modules/@angular/cli emoji-regex@10.3.0 OK for: string-width@7.2.0 want: ^10.3.0
668 silly placeDep node_modules/@angular/cli get-east-asian-width@1.2.0 OK for: string-width@7.2.0 want: ^1.0.0
669 silly placeDep node_modules/@angular/cli/node_modules/string-width strip-ansi@7.1.0 OK for: string-width@7.2.0 want: ^7.1.0
670 silly placeDep node_modules/@angular/cli/node_modules/string-width-cjs emoji-regex@8.0.0 OK for: string-width@4.2.3 want: ^8.0.0
671 silly placeDep node_modules/@angular/cli/node_modules/string-width-cjs is-fullwidth-code-point@3.0.0 OK for: string-width@4.2.3 want: ^3.0.0
672 silly placeDep node_modules/@angular/cli ansi-regex@5.0.1 OK for: strip-ansi@6.0.1 want: ^5.0.1
673 silly placeDep node_modules/@angular/cli has-flag@4.0.0 OK for: supports-color@7.2.0 want: ^4.0.0
674 silly placeDep node_modules/@angular/cli chownr@2.0.0 OK for: tar@6.2.1 want: ^2.0.0
675 silly placeDep node_modules/@angular/cli/node_modules/tar fs-minipass@2.1.0 OK for: tar@6.2.1 want: ^2.0.0
676 silly placeDep node_modules/@angular/cli/node_modules/tar minipass@5.0.0 OK for: tar@6.2.1 want: ^5.0.0
677 silly placeDep node_modules/@angular/cli mkdirp@1.0.4 OK for: tar@6.2.1 want: ^1.0.3
678 silly placeDep node_modules/@angular/cli os-tmpdir@1.0.2 OK for: tmp@0.0.33 want: ~1.0.2
679 silly placeDep node_modules/@angular/cli @tufjs/models@2.0.1 OK for: tuf-js@2.2.1 want: 2.0.1
680 silly fetch manifest @tufjs/canonical-json@2.0.0
681 http fetch GET 200 https://registry.npmjs.org/@tufjs%2fcanonical-json 87ms (cache revalidated)
682 silly placeDep node_modules/@angular/cli @tufjs/canonical-json@2.0.0 OK for: @tufjs/models@2.0.1 want: 2.0.0
683 silly placeDep node_modules/@angular/cli unique-slug@4.0.0 OK for: unique-filename@3.0.0 want: ^4.0.0
684 silly fetch manifest imurmurhash@^0.1.4
685 http fetch GET 200 https://registry.npmjs.org/imurmurhash 39ms (cache revalidated)
686 silly placeDep node_modules/@angular/cli imurmurhash@0.1.4 OK for: unique-slug@4.0.0 want: ^0.1.4
687 silly placeDep node_modules/@angular/cli punycode@2.3.1 OK for: uri-js@4.4.1 want: ^2.1.0
688 silly placeDep node_modules/@angular/cli spdx-correct@3.2.0 OK for: validate-npm-package-license@3.0.4 want: ^3.0.0
689 silly placeDep node_modules/@angular/cli spdx-expression-parse@3.0.1 OK for: validate-npm-package-license@3.0.4 want: ^3.0.0
690 silly fetch manifest spdx-license-ids@^3.0.0
691 http fetch GET 200 https://registry.npmjs.org/spdx-license-ids 36ms (cache revalidated)
692 silly fetch manifest spdx-exceptions@^2.1.0
693 http fetch GET 200 https://registry.npmjs.org/spdx-exceptions 472ms (cache revalidated)
694 silly placeDep node_modules/@angular/cli spdx-license-ids@3.0.18 OK for: spdx-correct@3.2.0 want: ^3.0.0
695 silly placeDep node_modules/@angular/cli spdx-exceptions@2.5.0 OK for: spdx-expression-parse@3.0.1 want: ^2.1.0
696 silly placeDep node_modules/@angular/cli defaults@1.0.4 OK for: wcwidth@1.0.1 want: ^1.0.3
697 silly fetch manifest clone@^1.0.2
698 http fetch GET 200 https://registry.npmjs.org/clone 41ms (cache revalidated)
699 silly placeDep node_modules/@angular/cli clone@1.0.4 OK for: defaults@1.0.4 want: ^1.0.2
700 silly placeDep node_modules/@angular/cli isexe@3.1.1 OK for: which@4.0.0 want: ^3.1.1
701 silly placeDep node_modules/@angular/cli/node_modules/wrap-ansi string-width@4.2.3 OK for: wrap-ansi@6.2.0 want: ^4.1.0
702 silly placeDep node_modules/@angular/cli/node_modules/wrap-ansi-cjs string-width@4.2.3 OK for: wrap-ansi@7.0.0 want: ^4.1.0
703 silly placeDep node_modules/@angular/cli cliui@8.0.1 OK for: yargs@17.7.2 want: ^8.0.1
704 silly placeDep node_modules/@angular/cli escalade@3.1.2 OK for: yargs@17.7.2 want: ^3.1.1
705 silly placeDep node_modules/@angular/cli get-caller-file@2.0.5 OK for: yargs@17.7.2 want: ^2.0.5
706 silly placeDep node_modules/@angular/cli require-directory@2.1.1 OK for: yargs@17.7.2 want: ^2.1.1
707 silly placeDep node_modules/@angular/cli/node_modules/yargs string-width@4.2.3 OK for: yargs@17.7.2 want: ^4.2.3
708 silly placeDep node_modules/@angular/cli y18n@5.0.8 OK for: yargs@17.7.2 want: ^5.0.5
709 silly placeDep node_modules/@angular/cli yargs-parser@21.1.1 OK for: yargs@17.7.2 want: ^21.1.1
710 silly fetch manifest string-width@^4.2.0
711 silly fetch manifest wrap-ansi@^7.0.0
712 silly placeDep node_modules/@angular/cli/node_modules/cliui string-width@4.2.3 OK for: cliui@8.0.1 want: ^4.2.0
713 silly placeDep node_modules/@angular/cli/node_modules/cliui wrap-ansi@7.0.0 OK for: cliui@8.0.1 want: ^7.0.0
714 silly placeDep node_modules/@angular/cli eastasianwidth@0.2.0 OK for: string-width@5.1.2 want: ^0.2.0
715 silly placeDep node_modules/@angular/cli/node_modules/@isaacs/cliui emoji-regex@9.2.2 OK for: string-width@5.1.2 want: ^9.2.2
716 silly placeDep node_modules/@angular/cli/node_modules/@isaacs/cliui ansi-regex@6.0.1 OK for: strip-ansi@7.1.0 want: ^6.0.1
717 silly placeDep node_modules/@angular/cli/node_modules/@isaacs/cliui ansi-styles@6.2.1 OK for: wrap-ansi@8.1.0 want: ^6.1.0
718 silly placeDep node_modules/@angular/cli/node_modules/cliui emoji-regex@8.0.0 OK for: string-width@4.2.3 want: ^8.0.0
719 silly placeDep node_modules/@angular/cli/node_modules/cliui is-fullwidth-code-point@3.0.0 OK for: string-width@4.2.3 want: ^3.0.0
720 silly placeDep node_modules/@angular/cli/node_modules/cross-spawn isexe@2.0.0 OK for: which@2.0.2 want: ^2.0.0
721 silly placeDep node_modules/@angular/cli/node_modules/listr2 ansi-styles@6.2.1 OK for: wrap-ansi@9.0.0 want: ^6.2.1
722 silly placeDep node_modules/@angular/cli/node_modules/listr2 strip-ansi@7.1.0 OK for: wrap-ansi@9.0.0 want: ^7.1.0
723 silly placeDep node_modules/@angular/cli/node_modules/listr2 ansi-regex@6.0.1 OK for: strip-ansi@7.1.0 want: ^6.0.1
724 silly placeDep node_modules/@angular/cli/node_modules/log-update ansi-styles@6.2.1 OK for: slice-ansi@7.1.0 want: ^6.2.1
725 silly placeDep node_modules/@angular/cli/node_modules/log-update is-fullwidth-code-point@5.0.0 OK for: slice-ansi@7.1.0 want: ^5.0.0
726 silly placeDep node_modules/@angular/cli/node_modules/log-update ansi-regex@6.0.1 OK for: strip-ansi@7.1.0 want: ^6.0.1
727 silly placeDep node_modules/@angular/cli/node_modules/ora restore-cursor@3.1.0 OK for: cli-cursor@3.1.0 want: ^3.1.0
728 silly placeDep node_modules/@angular/cli/node_modules/ora signal-exit@3.0.7 OK for: restore-cursor@3.1.0 want: ^3.0.2
729 silly placeDep node_modules/@angular/cli/node_modules/string-width ansi-regex@6.0.1 OK for: strip-ansi@7.1.0 want: ^6.0.1
730 silly placeDep node_modules/@angular/cli/node_modules/tar/node_modules/fs-minipass minipass@3.3.6 OK for: fs-minipass@2.1.0 want: ^3.0.0
731 silly placeDep node_modules/@angular/cli/node_modules/wrap-ansi-cjs emoji-regex@8.0.0 OK for: string-width@4.2.3 want: ^8.0.0
732 silly placeDep node_modules/@angular/cli/node_modules/wrap-ansi-cjs is-fullwidth-code-point@3.0.0 OK for: string-width@4.2.3 want: ^3.0.0
733 silly placeDep node_modules/@angular/cli/node_modules/wrap-ansi emoji-regex@8.0.0 OK for: string-width@4.2.3 want: ^8.0.0
734 silly placeDep node_modules/@angular/cli/node_modules/wrap-ansi is-fullwidth-code-point@3.0.0 OK for: string-width@4.2.3 want: ^3.0.0
735 silly placeDep node_modules/@angular/cli/node_modules/yargs emoji-regex@8.0.0 OK for: string-width@4.2.3 want: ^8.0.0
736 silly placeDep node_modules/@angular/cli/node_modules/yargs is-fullwidth-code-point@3.0.0 OK for: string-width@4.2.3 want: ^3.0.0
737 silly reify mark retired [ '/usr/lib/node_modules/@angular/cli', '/usr/bin/ng' ]
738 silly reify moves {
738 silly reify   '/usr/lib/node_modules/@angular/cli': '/usr/lib/node_modules/@angular/.cli-fAUK3V4x',
738 silly reify   '/usr/bin/ng': '/usr/bin/.ng-4P5l5Pv5'
738 silly reify }
739 verbose stack Error: EACCES: permission denied, rename '/usr/lib/node_modules/@angular/cli' -> '/usr/lib/node_modules/@angular/.cli-fAUK3V4x'
740 verbose cwd /home/ubuntu/web-layer
741 verbose Linux 6.8.0-1009-aws
742 verbose node v18.20.4
743 verbose npm  v10.7.0
744 error code EACCES
745 error syscall rename
746 error path /usr/lib/node_modules/@angular/cli
747 error dest /usr/lib/node_modules/@angular/.cli-fAUK3V4x
748 error errno -13
749 error [Error: EACCES: permission denied, rename '/usr/lib/node_modules/@angular/cli' -> '/usr/lib/node_modules/@angular/.cli-fAUK3V4x'] {
749 error   errno: -13,
749 error   code: 'EACCES',
749 error   syscall: 'rename',
749 error   path: '/usr/lib/node_modules/@angular/cli',
749 error   dest: '/usr/lib/node_modules/@angular/.cli-fAUK3V4x'
749 error }
750 error
750 error The operation was rejected by your operating system.
750 error It is likely you do not have the permissions to access this file as the current user
750 error
750 error If you believe this might be a permissions issue, please double-check the
750 error permissions of the file and its containing directories, or try running
750 error the command again as root/Administrator.
751 verbose exit -13
752 verbose code -13
753 silly unfinished npm timer reify 1721565291429
754 silly unfinished npm timer reify:retireShallow 1721565310458
755 error A complete log of this run can be found in: /home/ubuntu/.npm/_logs/2024-07-21T12_34_50_934Z-debug-0.log
